Le programme est :

Maximiser  0 + 10000 x_1 + 1000 x_2 + 100 x_3 + 10 x_4 + 1 x_5
Tel que
 1 x_1 + 0 x_2 + 0 x_3 + 0 x_4 + 0 x_5 <= 1
 20 x_1 + 1 x_2 + 0 x_3 + 0 x_4 + 0 x_5 <= 100
 200 x_1 + 20 x_2 + 1 x_3 + 0 x_4 + 0 x_5 <= 10000
 2000 x_1 + 200 x_2 + 20 x_3 + 1 x_4 + 0 x_5 <= 1000000
 20000 x_1 + 2000 x_2 + 200 x_3 + 20 x_4 + 1 x_5 <= 100000000
 x_1, x_2, x_3, x_4, x_5 positifs

Le dictionnaire initial est 
x_6 =  1 + -1 x_1 + 0 x_2 + 0 x_3 + 0 x_4 + 0 x_5
x_7 =  100 + -20 x_1 + -1 x_2 + 0 x_3 + 0 x_4 + 0 x_5
x_8 =  10000 + -200 x_1 + -20 x_2 + -1 x_3 + 0 x_4 + 0 x_5
x_9 =  1000000 + -2000 x_1 + -200 x_2 + -20 x_3 + -1 x_4 + 0 x_5
x_10 =  100000000 + -20000 x_1 + -2000 x_2 + -200 x_3 + -20 x_4 + -1 x_5
-------------------------------------------------------------
z =  0 + 10000 x_1 + 1000 x_2 + 100 x_3 + 10 x_4 + x_5


Variable entrante : x_1
Variable sortante : x_6

x_1 =  1 + 0 x_2 + 0 x_3 + 0 x_4 + 0 x_5 + -1 x_6
x_7 =  80 + -1 x_2 + 0 x_3 + 0 x_4 + 0 x_5 + 20 x_6
x_8 =  9800 + -20 x_2 + -1 x_3 + 0 x_4 + 0 x_5 + 200 x_6
x_9 =  998000 + -200 x_2 + -20 x_3 + -1 x_4 + 0 x_5 + 2000 x_6
x_10 =  99980000 + -2000 x_2 + -200 x_3 + -20 x_4 + -1 x_5 + 20000 x_6
-------------------------------------------------------------
z =  10000 + 1000 x_2 + 100 x_3 + 10 x_4 + x_5 + -10000 x_6


Variable entrante : x_2
Variable sortante : x_7

x_1 =  1 + 0 x_3 + 0 x_4 + 0 x_5 + -1 x_6 + 0 x_7
x_2 =  80 + 0 x_3 + 0 x_4 + 0 x_5 + 20 x_6 + -1 x_7
x_8 =  8200 + -1 x_3 + 0 x_4 + 0 x_5 + -200 x_6 + 20 x_7
x_9 =  982000 + -20 x_3 + -1 x_4 + 0 x_5 + -2000 x_6 + 200 x_7
x_10 =  99820000 + -200 x_3 + -20 x_4 + -1 x_5 + -20000 x_6 + 2000 x_7
-------------------------------------------------------------
z =  90000 + 100 x_3 + 10 x_4 + x_5 + 10000 x_6 + -1000 x_7


Variable entrante : x_6
Variable sortante : x_1

x_2 =  100 + -20 x_1 + 0 x_3 + 0 x_4 + 0 x_5 + -1 x_7
x_6 =  1 + -1 x_1 + 0 x_3 + 0 x_4 + 0 x_5 + 0 x_7
x_8 =  8000 + 200 x_1 + -1 x_3 + 0 x_4 + 0 x_5 + 20 x_7
x_9 =  980000 + 2000 x_1 + -20 x_3 + -1 x_4 + 0 x_5 + 200 x_7
x_10 =  99800000 + 20000 x_1 + -200 x_3 + -20 x_4 + -1 x_5 + 2000 x_7
-------------------------------------------------------------
z =  100000 + -10000 x_1 + 100 x_3 + 10 x_4 + x_5 + -1000 x_7


Variable entrante : x_3
Variable sortante : x_8

x_2 =  100 + -20 x_1 + 0 x_4 + 0 x_5 + -1 x_7 + 0 x_8
x_3 =  8000 + 200 x_1 + 0 x_4 + 0 x_5 + 20 x_7 + -1 x_8
x_6 =  1 + -1 x_1 + 0 x_4 + 0 x_5 + 0 x_7 + 0 x_8
x_9 =  820000 + -2000 x_1 + -1 x_4 + 0 x_5 + -200 x_7 + 20 x_8
x_10 =  98200000 + -20000 x_1 + -20 x_4 + -1 x_5 + -2000 x_7 + 200 x_8
-------------------------------------------------------------
z =  900000 + 10000 x_1 + 10 x_4 + x_5 + 1000 x_7 + -100 x_8


Variable entrante : x_1
Variable sortante : x_6

x_1 =  1 + 0 x_4 + 0 x_5 + -1 x_6 + 0 x_7 + 0 x_8
x_2 =  80 + 0 x_4 + 0 x_5 + 20 x_6 + -1 x_7 + 0 x_8
x_3 =  8200 + 0 x_4 + 0 x_5 + -200 x_6 + 20 x_7 + -1 x_8
x_9 =  818000 + -1 x_4 + 0 x_5 + 2000 x_6 + -200 x_7 + 20 x_8
x_10 =  98180000 + -20 x_4 + -1 x_5 + 20000 x_6 + -2000 x_7 + 200 x_8
-------------------------------------------------------------
z =  910000 + 10 x_4 + x_5 + -10000 x_6 + 1000 x_7 + -100 x_8


Variable entrante : x_7
Variable sortante : x_2

x_1 =  1 + 0 x_2 + 0 x_4 + 0 x_5 + -1 x_6 + 0 x_8
x_3 =  9800 + -20 x_2 + 0 x_4 + 0 x_5 + 200 x_6 + -1 x_8
x_7 =  80 + -1 x_2 + 0 x_4 + 0 x_5 + 20 x_6 + 0 x_8
x_9 =  802000 + 200 x_2 + -1 x_4 + 0 x_5 + -2000 x_6 + 20 x_8
x_10 =  98020000 + 2000 x_2 + -20 x_4 + -1 x_5 + -20000 x_6 + 200 x_8
-------------------------------------------------------------
z =  990000 + -1000 x_2 + 10 x_4 + x_5 + 10000 x_6 + -100 x_8


Variable entrante : x_6
Variable sortante : x_1

x_3 =  10000 + -200 x_1 + -20 x_2 + 0 x_4 + 0 x_5 + -1 x_8
x_6 =  1 + -1 x_1 + 0 x_2 + 0 x_4 + 0 x_5 + 0 x_8
x_7 =  100 + -20 x_1 + -1 x_2 + 0 x_4 + 0 x_5 + 0 x_8
x_9 =  800000 + 2000 x_1 + 200 x_2 + -1 x_4 + 0 x_5 + 20 x_8
x_10 =  98000000 + 20000 x_1 + 2000 x_2 + -20 x_4 + -1 x_5 + 200 x_8
-------------------------------------------------------------
z =  1000000 + -10000 x_1 + -1000 x_2 + 10 x_4 + x_5 + -100 x_8


Variable entrante : x_4
Variable sortante : x_9

x_3 =  10000 + -200 x_1 + -20 x_2 + 0 x_5 + -1 x_8 + 0 x_9
x_4 =  800000 + 2000 x_1 + 200 x_2 + 0 x_5 + 20 x_8 + -1 x_9
x_6 =  1 + -1 x_1 + 0 x_2 + 0 x_5 + 0 x_8 + 0 x_9
x_7 =  100 + -20 x_1 + -1 x_2 + 0 x_5 + 0 x_8 + 0 x_9
x_10 =  82000000 + -20000 x_1 + -2000 x_2 + -1 x_5 + -200 x_8 + 20 x_9
-------------------------------------------------------------
z =  9000000 + 10000 x_1 + 1000 x_2 + x_5 + 100 x_8 + -10 x_9


Variable entrante : x_1
Variable sortante : x_6

x_1 =  1 + 0 x_2 + 0 x_5 + -1 x_6 + 0 x_8 + 0 x_9
x_3 =  9800 + -20 x_2 + 0 x_5 + 200 x_6 + -1 x_8 + 0 x_9
x_4 =  802000 + 200 x_2 + 0 x_5 + -2000 x_6 + 20 x_8 + -1 x_9
x_7 =  80 + -1 x_2 + 0 x_5 + 20 x_6 + 0 x_8 + 0 x_9
x_10 =  81980000 + -2000 x_2 + -1 x_5 + 20000 x_6 + -200 x_8 + 20 x_9
-------------------------------------------------------------
z =  9010000 + 1000 x_2 + x_5 + -10000 x_6 + 100 x_8 + -10 x_9


Variable entrante : x_2
Variable sortante : x_7

x_1 =  1 + 0 x_5 + -1 x_6 + 0 x_7 + 0 x_8 + 0 x_9
x_2 =  80 + 0 x_5 + 20 x_6 + -1 x_7 + 0 x_8 + 0 x_9
x_3 =  8200 + 0 x_5 + -200 x_6 + 20 x_7 + -1 x_8 + 0 x_9
x_4 =  818000 + 0 x_5 + 2000 x_6 + -200 x_7 + 20 x_8 + -1 x_9
x_10 =  81820000 + -1 x_5 + -20000 x_6 + 2000 x_7 + -200 x_8 + 20 x_9
-------------------------------------------------------------
z =  9090000 + x_5 + 10000 x_6 + -1000 x_7 + 100 x_8 + -10 x_9


Variable entrante : x_6
Variable sortante : x_1

x_2 =  100 + -20 x_1 + 0 x_5 + -1 x_7 + 0 x_8 + 0 x_9
x_3 =  8000 + 200 x_1 + 0 x_5 + 20 x_7 + -1 x_8 + 0 x_9
x_4 =  820000 + -2000 x_1 + 0 x_5 + -200 x_7 + 20 x_8 + -1 x_9
x_6 =  1 + -1 x_1 + 0 x_5 + 0 x_7 + 0 x_8 + 0 x_9
x_10 =  81800000 + 20000 x_1 + -1 x_5 + 2000 x_7 + -200 x_8 + 20 x_9
-------------------------------------------------------------
z =  9100000 + -10000 x_1 + x_5 + -1000 x_7 + 100 x_8 + -10 x_9


Variable entrante : x_8
Variable sortante : x_3

x_2 =  100 + -20 x_1 + 0 x_3 + 0 x_5 + -1 x_7 + 0 x_9
x_4 =  980000 + 2000 x_1 + -20 x_3 + 0 x_5 + 200 x_7 + -1 x_9
x_6 =  1 + -1 x_1 + 0 x_3 + 0 x_5 + 0 x_7 + 0 x_9
x_8 =  8000 + 200 x_1 + -1 x_3 + 0 x_5 + 20 x_7 + 0 x_9
x_10 =  80200000 + -20000 x_1 + 200 x_3 + -1 x_5 + -2000 x_7 + 20 x_9
-------------------------------------------------------------
z =  9900000 + 10000 x_1 + -100 x_3 + x_5 + 1000 x_7 + -10 x_9


Variable entrante : x_1
Variable sortante : x_6

x_1 =  1 + 0 x_3 + 0 x_5 + -1 x_6 + 0 x_7 + 0 x_9
x_2 =  80 + 0 x_3 + 0 x_5 + 20 x_6 + -1 x_7 + 0 x_9
x_4 =  982000 + -20 x_3 + 0 x_5 + -2000 x_6 + 200 x_7 + -1 x_9
x_8 =  8200 + -1 x_3 + 0 x_5 + -200 x_6 + 20 x_7 + 0 x_9
x_10 =  80180000 + 200 x_3 + -1 x_5 + 20000 x_6 + -2000 x_7 + 20 x_9
-------------------------------------------------------------
z =  9910000 + -100 x_3 + x_5 + -10000 x_6 + 1000 x_7 + -10 x_9


Variable entrante : x_7
Variable sortante : x_2

x_1 =  1 + 0 x_2 + 0 x_3 + 0 x_5 + -1 x_6 + 0 x_9
x_4 =  998000 + -200 x_2 + -20 x_3 + 0 x_5 + 2000 x_6 + -1 x_9
x_7 =  80 + -1 x_2 + 0 x_3 + 0 x_5 + 20 x_6 + 0 x_9
x_8 =  9800 + -20 x_2 + -1 x_3 + 0 x_5 + 200 x_6 + 0 x_9
x_10 =  80020000 + 2000 x_2 + 200 x_3 + -1 x_5 + -20000 x_6 + 20 x_9
-------------------------------------------------------------
z =  9990000 + -1000 x_2 + -100 x_3 + x_5 + 10000 x_6 + -10 x_9


Variable entrante : x_6
Variable sortante : x_1

x_4 =  1000000 + -2000 x_1 + -200 x_2 + -20 x_3 + 0 x_5 + -1 x_9
x_6 =  1 + -1 x_1 + 0 x_2 + 0 x_3 + 0 x_5 + 0 x_9
x_7 =  100 + -20 x_1 + -1 x_2 + 0 x_3 + 0 x_5 + 0 x_9
x_8 =  10000 + -200 x_1 + -20 x_2 + -1 x_3 + 0 x_5 + 0 x_9
x_10 =  80000000 + 20000 x_1 + 2000 x_2 + 200 x_3 + -1 x_5 + 20 x_9
-------------------------------------------------------------
z =  10000000 + -10000 x_1 + -1000 x_2 + -100 x_3 + x_5 + -10 x_9


Variable entrante : x_5
Variable sortante : x_10

x_4 =  1000000 + -2000 x_1 + -200 x_2 + -20 x_3 + -1 x_9 + 0 x_10
x_5 =  80000000 + 20000 x_1 + 2000 x_2 + 200 x_3 + 20 x_9 + -1 x_10
x_6 =  1 + -1 x_1 + 0 x_2 + 0 x_3 + 0 x_9 + 0 x_10
x_7 =  100 + -20 x_1 + -1 x_2 + 0 x_3 + 0 x_9 + 0 x_10
x_8 =  10000 + -200 x_1 + -20 x_2 + -1 x_3 + 0 x_9 + 0 x_10
-------------------------------------------------------------
z =  90000000 + 10000 x_1 + 1000 x_2 + 100 x_3 + 10 x_9 + -1 x_10


Variable entrante : x_1
Variable sortante : x_6

x_1 =  1 + 0 x_2 + 0 x_3 + -1 x_6 + 0 x_9 + 0 x_10
x_4 =  998000 + -200 x_2 + -20 x_3 + 2000 x_6 + -1 x_9 + 0 x_10
x_5 =  80020000 + 2000 x_2 + 200 x_3 + -20000 x_6 + 20 x_9 + -1 x_10
x_7 =  80 + -1 x_2 + 0 x_3 + 20 x_6 + 0 x_9 + 0 x_10
x_8 =  9800 + -20 x_2 + -1 x_3 + 200 x_6 + 0 x_9 + 0 x_10
-------------------------------------------------------------
z =  90010000 + 1000 x_2 + 100 x_3 + -10000 x_6 + 10 x_9 + -1 x_10


Variable entrante : x_2
Variable sortante : x_7

x_1 =  1 + 0 x_3 + -1 x_6 + 0 x_7 + 0 x_9 + 0 x_10
x_2 =  80 + 0 x_3 + 20 x_6 + -1 x_7 + 0 x_9 + 0 x_10
x_4 =  982000 + -20 x_3 + -2000 x_6 + 200 x_7 + -1 x_9 + 0 x_10
x_5 =  80180000 + 200 x_3 + 20000 x_6 + -2000 x_7 + 20 x_9 + -1 x_10
x_8 =  8200 + -1 x_3 + -200 x_6 + 20 x_7 + 0 x_9 + 0 x_10
-------------------------------------------------------------
z =  90090000 + 100 x_3 + 10000 x_6 + -1000 x_7 + 10 x_9 + -1 x_10


Variable entrante : x_6
Variable sortante : x_1

x_2 =  100 + -20 x_1 + 0 x_3 + -1 x_7 + 0 x_9 + 0 x_10
x_4 =  980000 + 2000 x_1 + -20 x_3 + 200 x_7 + -1 x_9 + 0 x_10
x_5 =  80200000 + -20000 x_1 + 200 x_3 + -2000 x_7 + 20 x_9 + -1 x_10
x_6 =  1 + -1 x_1 + 0 x_3 + 0 x_7 + 0 x_9 + 0 x_10
x_8 =  8000 + 200 x_1 + -1 x_3 + 20 x_7 + 0 x_9 + 0 x_10
-------------------------------------------------------------
z =  90100000 + -10000 x_1 + 100 x_3 + -1000 x_7 + 10 x_9 + -1 x_10


Variable entrante : x_3
Variable sortante : x_8

x_2 =  100 + -20 x_1 + -1 x_7 + 0 x_8 + 0 x_9 + 0 x_10
x_3 =  8000 + 200 x_1 + 20 x_7 + -1 x_8 + 0 x_9 + 0 x_10
x_4 =  820000 + -2000 x_1 + -200 x_7 + 20 x_8 + -1 x_9 + 0 x_10
x_5 =  81800000 + 20000 x_1 + 2000 x_7 + -200 x_8 + 20 x_9 + -1 x_10
x_6 =  1 + -1 x_1 + 0 x_7 + 0 x_8 + 0 x_9 + 0 x_10
-------------------------------------------------------------
z =  90900000 + 10000 x_1 + 1000 x_7 + -100 x_8 + 10 x_9 + -1 x_10


Variable entrante : x_1
Variable sortante : x_6

x_1 =  1 + -1 x_6 + 0 x_7 + 0 x_8 + 0 x_9 + 0 x_10
x_2 =  80 + 20 x_6 + -1 x_7 + 0 x_8 + 0 x_9 + 0 x_10
x_3 =  8200 + -200 x_6 + 20 x_7 + -1 x_8 + 0 x_9 + 0 x_10
x_4 =  818000 + 2000 x_6 + -200 x_7 + 20 x_8 + -1 x_9 + 0 x_10
x_5 =  81820000 + -20000 x_6 + 2000 x_7 + -200 x_8 + 20 x_9 + -1 x_10
-------------------------------------------------------------
z =  90910000 + -10000 x_6 + 1000 x_7 + -100 x_8 + 10 x_9 + -1 x_10


Variable entrante : x_7
Variable sortante : x_2

x_1 =  1 + 0 x_2 + -1 x_6 + 0 x_8 + 0 x_9 + 0 x_10
x_3 =  9800 + -20 x_2 + 200 x_6 + -1 x_8 + 0 x_9 + 0 x_10
x_4 =  802000 + 200 x_2 + -2000 x_6 + 20 x_8 + -1 x_9 + 0 x_10
x_5 =  81980000 + -2000 x_2 + 20000 x_6 + -200 x_8 + 20 x_9 + -1 x_10
x_7 =  80 + -1 x_2 + 20 x_6 + 0 x_8 + 0 x_9 + 0 x_10
-------------------------------------------------------------
z =  90990000 + -1000 x_2 + 10000 x_6 + -100 x_8 + 10 x_9 + -1 x_10


Variable entrante : x_6
Variable sortante : x_1

x_3 =  10000 + -200 x_1 + -20 x_2 + -1 x_8 + 0 x_9 + 0 x_10
x_4 =  800000 + 2000 x_1 + 200 x_2 + 20 x_8 + -1 x_9 + 0 x_10
x_5 =  82000000 + -20000 x_1 + -2000 x_2 + -200 x_8 + 20 x_9 + -1 x_10
x_6 =  1 + -1 x_1 + 0 x_2 + 0 x_8 + 0 x_9 + 0 x_10
x_7 =  100 + -20 x_1 + -1 x_2 + 0 x_8 + 0 x_9 + 0 x_10
-------------------------------------------------------------
z =  91000000 + -10000 x_1 + -1000 x_2 + -100 x_8 + 10 x_9 + -1 x_10


Variable entrante : x_9
Variable sortante : x_4

x_3 =  10000 + -200 x_1 + -20 x_2 + 0 x_4 + -1 x_8 + 0 x_10
x_5 =  98000000 + 20000 x_1 + 2000 x_2 + -20 x_4 + 200 x_8 + -1 x_10
x_6 =  1 + -1 x_1 + 0 x_2 + 0 x_4 + 0 x_8 + 0 x_10
x_7 =  100 + -20 x_1 + -1 x_2 + 0 x_4 + 0 x_8 + 0 x_10
x_9 =  800000 + 2000 x_1 + 200 x_2 + -1 x_4 + 20 x_8 + 0 x_10
-------------------------------------------------------------
z =  99000000 + 10000 x_1 + 1000 x_2 + -10 x_4 + 100 x_8 + -1 x_10


Variable entrante : x_1
Variable sortante : x_6

x_1 =  1 + 0 x_2 + 0 x_4 + -1 x_6 + 0 x_8 + 0 x_10
x_3 =  9800 + -20 x_2 + 0 x_4 + 200 x_6 + -1 x_8 + 0 x_10
x_5 =  98020000 + 2000 x_2 + -20 x_4 + -20000 x_6 + 200 x_8 + -1 x_10
x_7 =  80 + -1 x_2 + 0 x_4 + 20 x_6 + 0 x_8 + 0 x_10
x_9 =  802000 + 200 x_2 + -1 x_4 + -2000 x_6 + 20 x_8 + 0 x_10
-------------------------------------------------------------
z =  99010000 + 1000 x_2 + -10 x_4 + -10000 x_6 + 100 x_8 + -1 x_10


Variable entrante : x_2
Variable sortante : x_7

x_1 =  1 + 0 x_4 + -1 x_6 + 0 x_7 + 0 x_8 + 0 x_10
x_2 =  80 + 0 x_4 + 20 x_6 + -1 x_7 + 0 x_8 + 0 x_10
x_3 =  8200 + 0 x_4 + -200 x_6 + 20 x_7 + -1 x_8 + 0 x_10
x_5 =  98180000 + -20 x_4 + 20000 x_6 + -2000 x_7 + 200 x_8 + -1 x_10
x_9 =  818000 + -1 x_4 + 2000 x_6 + -200 x_7 + 20 x_8 + 0 x_10
-------------------------------------------------------------
z =  99090000 + -10 x_4 + 10000 x_6 + -1000 x_7 + 100 x_8 + -1 x_10


Variable entrante : x_6
Variable sortante : x_1

x_2 =  100 + -20 x_1 + 0 x_4 + -1 x_7 + 0 x_8 + 0 x_10
x_3 =  8000 + 200 x_1 + 0 x_4 + 20 x_7 + -1 x_8 + 0 x_10
x_5 =  98200000 + -20000 x_1 + -20 x_4 + -2000 x_7 + 200 x_8 + -1 x_10
x_6 =  1 + -1 x_1 + 0 x_4 + 0 x_7 + 0 x_8 + 0 x_10
x_9 =  820000 + -2000 x_1 + -1 x_4 + -200 x_7 + 20 x_8 + 0 x_10
-------------------------------------------------------------
z =  99100000 + -10000 x_1 + -10 x_4 + -1000 x_7 + 100 x_8 + -1 x_10


Variable entrante : x_8
Variable sortante : x_3

x_2 =  100 + -20 x_1 + 0 x_3 + 0 x_4 + -1 x_7 + 0 x_10
x_5 =  99800000 + 20000 x_1 + -200 x_3 + -20 x_4 + 2000 x_7 + -1 x_10
x_6 =  1 + -1 x_1 + 0 x_3 + 0 x_4 + 0 x_7 + 0 x_10
x_8 =  8000 + 200 x_1 + -1 x_3 + 0 x_4 + 20 x_7 + 0 x_10
x_9 =  980000 + 2000 x_1 + -20 x_3 + -1 x_4 + 200 x_7 + 0 x_10
-------------------------------------------------------------
z =  99900000 + 10000 x_1 + -100 x_3 + -10 x_4 + 1000 x_7 + -1 x_10


Variable entrante : x_1
Variable sortante : x_6

x_1 =  1 + 0 x_3 + 0 x_4 + -1 x_6 + 0 x_7 + 0 x_10
x_2 =  80 + 0 x_3 + 0 x_4 + 20 x_6 + -1 x_7 + 0 x_10
x_5 =  99820000 + -200 x_3 + -20 x_4 + -20000 x_6 + 2000 x_7 + -1 x_10
x_8 =  8200 + -1 x_3 + 0 x_4 + -200 x_6 + 20 x_7 + 0 x_10
x_9 =  982000 + -20 x_3 + -1 x_4 + -2000 x_6 + 200 x_7 + 0 x_10
-------------------------------------------------------------
z =  99910000 + -100 x_3 + -10 x_4 + -10000 x_6 + 1000 x_7 + -1 x_10


Variable entrante : x_7
Variable sortante : x_2

x_1 =  1 + 0 x_2 + 0 x_3 + 0 x_4 + -1 x_6 + 0 x_10
x_5 =  99980000 + -2000 x_2 + -200 x_3 + -20 x_4 + 20000 x_6 + -1 x_10
x_7 =  80 + -1 x_2 + 0 x_3 + 0 x_4 + 20 x_6 + 0 x_10
x_8 =  9800 + -20 x_2 + -1 x_3 + 0 x_4 + 200 x_6 + 0 x_10
x_9 =  998000 + -200 x_2 + -20 x_3 + -1 x_4 + 2000 x_6 + 0 x_10
-------------------------------------------------------------
z =  99990000 + -1000 x_2 + -100 x_3 + -10 x_4 + 10000 x_6 + -1 x_10


Variable entrante : x_6
Variable sortante : x_1

x_5 =  100000000 + -20000 x_1 + -2000 x_2 + -200 x_3 + -20 x_4 + -1 x_10
x_6 =  1 + -1 x_1 + 0 x_2 + 0 x_3 + 0 x_4 + 0 x_10
x_7 =  100 + -20 x_1 + -1 x_2 + 0 x_3 + 0 x_4 + 0 x_10
x_8 =  10000 + -200 x_1 + -20 x_2 + -1 x_3 + 0 x_4 + 0 x_10
x_9 =  1000000 + -2000 x_1 + -200 x_2 + -20 x_3 + -1 x_4 + 0 x_10
-------------------------------------------------------------
z =  100000000 + -10000 x_1 + -1000 x_2 + -100 x_3 + -10 x_4 + -1 x_10


Une solution optimale est : x_1 = 0, x_2 = 0, x_3 = 0, x_4 = 0, x_5 = 100000000
La valeur de cette solution est : 100000000
Nombre de pivots : 31
Le certificat d'optimalite est : 1 contrainte 5
Ce qui donne :  0 + 20000 x_1 + 2000 x_2 + 200 x_3 + 20 x_4 + 1 x_5 <= 100000000

