Le programme est :

Maximiser  0 + 1000 x_1 + 100 x_2 + 10 x_3 + 1 x_4
Tel que
 1 x_1 + 0 x_2 + 0 x_3 + 0 x_4 <= 1
 20 x_1 + 1 x_2 + 0 x_3 + 0 x_4 <= 100
 200 x_1 + 20 x_2 + 1 x_3 + 0 x_4 <= 10000
 2000 x_1 + 200 x_2 + 20 x_3 + 1 x_4 <= 1000000
 x_1, x_2, x_3, x_4 positifs

Le dictionnaire initial est 
x_5 =  1 + -1 x_1 + 0 x_2 + 0 x_3 + 0 x_4
x_6 =  100 + -20 x_1 + -1 x_2 + 0 x_3 + 0 x_4
x_7 =  10000 + -200 x_1 + -20 x_2 + -1 x_3 + 0 x_4
x_8 =  1000000 + -2000 x_1 + -200 x_2 + -20 x_3 + -1 x_4
-------------------------------------------------
z =  0 + 1000 x_1 + 100 x_2 + 10 x_3 + x_4


Variable entrante : x_1
Variable sortante : x_5

x_1 =  1 + 0 x_2 + 0 x_3 + 0 x_4 + -1 x_5
x_6 =  80 + -1 x_2 + 0 x_3 + 0 x_4 + 20 x_5
x_7 =  9800 + -20 x_2 + -1 x_3 + 0 x_4 + 200 x_5
x_8 =  998000 + -200 x_2 + -20 x_3 + -1 x_4 + 2000 x_5
-------------------------------------------------
z =  1000 + 100 x_2 + 10 x_3 + x_4 + -1000 x_5


Variable entrante : x_2
Variable sortante : x_6

x_1 =  1 + 0 x_3 + 0 x_4 + -1 x_5 + 0 x_6
x_2 =  80 + 0 x_3 + 0 x_4 + 20 x_5 + -1 x_6
x_7 =  8200 + -1 x_3 + 0 x_4 + -200 x_5 + 20 x_6
x_8 =  982000 + -20 x_3 + -1 x_4 + -2000 x_5 + 200 x_6
-------------------------------------------------
z =  9000 + 10 x_3 + x_4 + 1000 x_5 + -100 x_6


Variable entrante : x_5
Variable sortante : x_1

x_2 =  100 + -20 x_1 + 0 x_3 + 0 x_4 + -1 x_6
x_5 =  1 + -1 x_1 + 0 x_3 + 0 x_4 + 0 x_6
x_7 =  8000 + 200 x_1 + -1 x_3 + 0 x_4 + 20 x_6
x_8 =  980000 + 2000 x_1 + -20 x_3 + -1 x_4 + 200 x_6
-------------------------------------------------
z =  10000 + -1000 x_1 + 10 x_3 + x_4 + -100 x_6


Variable entrante : x_3
Variable sortante : x_7

x_2 =  100 + -20 x_1 + 0 x_4 + -1 x_6 + 0 x_7
x_3 =  8000 + 200 x_1 + 0 x_4 + 20 x_6 + -1 x_7
x_5 =  1 + -1 x_1 + 0 x_4 + 0 x_6 + 0 x_7
x_8 =  820000 + -2000 x_1 + -1 x_4 + -200 x_6 + 20 x_7
-------------------------------------------------
z =  90000 + 1000 x_1 + x_4 + 100 x_6 + -10 x_7


Variable entrante : x_1
Variable sortante : x_5

x_1 =  1 + 0 x_4 + -1 x_5 + 0 x_6 + 0 x_7
x_2 =  80 + 0 x_4 + 20 x_5 + -1 x_6 + 0 x_7
x_3 =  8200 + 0 x_4 + -200 x_5 + 20 x_6 + -1 x_7
x_8 =  818000 + -1 x_4 + 2000 x_5 + -200 x_6 + 20 x_7
-------------------------------------------------
z =  91000 + x_4 + -1000 x_5 + 100 x_6 + -10 x_7


Variable entrante : x_6
Variable sortante : x_2

x_1 =  1 + 0 x_2 + 0 x_4 + -1 x_5 + 0 x_7
x_3 =  9800 + -20 x_2 + 0 x_4 + 200 x_5 + -1 x_7
x_6 =  80 + -1 x_2 + 0 x_4 + 20 x_5 + 0 x_7
x_8 =  802000 + 200 x_2 + -1 x_4 + -2000 x_5 + 20 x_7
-------------------------------------------------
z =  99000 + -100 x_2 + x_4 + 1000 x_5 + -10 x_7


Variable entrante : x_5
Variable sortante : x_1

x_3 =  10000 + -200 x_1 + -20 x_2 + 0 x_4 + -1 x_7
x_5 =  1 + -1 x_1 + 0 x_2 + 0 x_4 + 0 x_7
x_6 =  100 + -20 x_1 + -1 x_2 + 0 x_4 + 0 x_7
x_8 =  800000 + 2000 x_1 + 200 x_2 + -1 x_4 + 20 x_7
-------------------------------------------------
z =  100000 + -1000 x_1 + -100 x_2 + x_4 + -10 x_7


Variable entrante : x_4
Variable sortante : x_8

x_3 =  10000 + -200 x_1 + -20 x_2 + -1 x_7 + 0 x_8
x_4 =  800000 + 2000 x_1 + 200 x_2 + 20 x_7 + -1 x_8
x_5 =  1 + -1 x_1 + 0 x_2 + 0 x_7 + 0 x_8
x_6 =  100 + -20 x_1 + -1 x_2 + 0 x_7 + 0 x_8
-------------------------------------------------
z =  900000 + 1000 x_1 + 100 x_2 + 10 x_7 + -1 x_8


Variable entrante : x_1
Variable sortante : x_5

x_1 =  1 + 0 x_2 + -1 x_5 + 0 x_7 + 0 x_8
x_3 =  9800 + -20 x_2 + 200 x_5 + -1 x_7 + 0 x_8
x_4 =  802000 + 200 x_2 + -2000 x_5 + 20 x_7 + -1 x_8
x_6 =  80 + -1 x_2 + 20 x_5 + 0 x_7 + 0 x_8
-------------------------------------------------
z =  901000 + 100 x_2 + -1000 x_5 + 10 x_7 + -1 x_8


Variable entrante : x_2
Variable sortante : x_6

x_1 =  1 + -1 x_5 + 0 x_6 + 0 x_7 + 0 x_8
x_2 =  80 + 20 x_5 + -1 x_6 + 0 x_7 + 0 x_8
x_3 =  8200 + -200 x_5 + 20 x_6 + -1 x_7 + 0 x_8
x_4 =  818000 + 2000 x_5 + -200 x_6 + 20 x_7 + -1 x_8
-------------------------------------------------
z =  909000 + 1000 x_5 + -100 x_6 + 10 x_7 + -1 x_8


Variable entrante : x_5
Variable sortante : x_1

x_2 =  100 + -20 x_1 + -1 x_6 + 0 x_7 + 0 x_8
x_3 =  8000 + 200 x_1 + 20 x_6 + -1 x_7 + 0 x_8
x_4 =  820000 + -2000 x_1 + -200 x_6 + 20 x_7 + -1 x_8
x_5 =  1 + -1 x_1 + 0 x_6 + 0 x_7 + 0 x_8
-------------------------------------------------
z =  910000 + -1000 x_1 + -100 x_6 + 10 x_7 + -1 x_8


Variable entrante : x_7
Variable sortante : x_3

x_2 =  100 + -20 x_1 + 0 x_3 + -1 x_6 + 0 x_8
x_4 =  980000 + 2000 x_1 + -20 x_3 + 200 x_6 + -1 x_8
x_5 =  1 + -1 x_1 + 0 x_3 + 0 x_6 + 0 x_8
x_7 =  8000 + 200 x_1 + -1 x_3 + 20 x_6 + 0 x_8
-------------------------------------------------
z =  990000 + 1000 x_1 + -10 x_3 + 100 x_6 + -1 x_8


Variable entrante : x_1
Variable sortante : x_5

x_1 =  1 + 0 x_3 + -1 x_5 + 0 x_6 + 0 x_8
x_2 =  80 + 0 x_3 + 20 x_5 + -1 x_6 + 0 x_8
x_4 =  982000 + -20 x_3 + -2000 x_5 + 200 x_6 + -1 x_8
x_7 =  8200 + -1 x_3 + -200 x_5 + 20 x_6 + 0 x_8
-------------------------------------------------
z =  991000 + -10 x_3 + -1000 x_5 + 100 x_6 + -1 x_8


Variable entrante : x_6
Variable sortante : x_2

x_1 =  1 + 0 x_2 + 0 x_3 + -1 x_5 + 0 x_8
x_4 =  998000 + -200 x_2 + -20 x_3 + 2000 x_5 + -1 x_8
x_6 =  80 + -1 x_2 + 0 x_3 + 20 x_5 + 0 x_8
x_7 =  9800 + -20 x_2 + -1 x_3 + 200 x_5 + 0 x_8
-------------------------------------------------
z =  999000 + -100 x_2 + -10 x_3 + 1000 x_5 + -1 x_8


Variable entrante : x_5
Variable sortante : x_1

x_4 =  1000000 + -2000 x_1 + -200 x_2 + -20 x_3 + -1 x_8
x_5 =  1 + -1 x_1 + 0 x_2 + 0 x_3 + 0 x_8
x_6 =  100 + -20 x_1 + -1 x_2 + 0 x_3 + 0 x_8
x_7 =  10000 + -200 x_1 + -20 x_2 + -1 x_3 + 0 x_8
-------------------------------------------------
z =  1000000 + -1000 x_1 + -100 x_2 + -10 x_3 + -1 x_8


Une solution optimale est : x_1 = 0, x_2 = 0, x_3 = 0, x_4 = 1000000
La valeur de cette solution est : 1000000
Nombre de pivots : 15
Le certificat d'optimalite est : 1 contrainte 4
Ce qui donne :  0 + 2000 x_1 + 200 x_2 + 20 x_3 + 1 x_4 <= 1000000

