Nb de sites de production : 4, nb de sites de distribution : 4
Matrice des couts (ligne : production, colonne : distribution)
-5 -3 -4 -5 
-4 -5 -4 -6 
-5 -6 -5 -7 
-4 -4 -3 -5 
capacite des sites de production : 1 1 1 1 
objectif des sites de distribution : 1 1 1 1 

Le programme est :

Maximiser  0 + 5 x_1 + 3 x_2 + 4 x_3 + 5 x_4 + 4 x_5 + 5 x_6 + 4 x_7 + 6 x_8 + 5 x_9 + 6 x_10 + 5 x_11 + 7 x_12 + 4 x_13 + 4 x_14 + 3 x_15 + 5 x_16
Tel que
 1 x_1 + 1 x_2 + 1 x_3 + 1 x_4 + 0 x_5 + 0 x_6 + 0 x_7 + 0 x_8 + 0 x_9 + 0 x_10 + 0 x_11 + 0 x_12 + 0 x_13 + 0 x_14 + 0 x_15 + 0 x_16 <= 1
 0 x_1 + 0 x_2 + 0 x_3 + 0 x_4 + 1 x_5 + 1 x_6 + 1 x_7 + 1 x_8 + 0 x_9 + 0 x_10 + 0 x_11 + 0 x_12 + 0 x_13 + 0 x_14 + 0 x_15 + 0 x_16 <= 1
 0 x_1 + 0 x_2 + 0 x_3 + 0 x_4 + 0 x_5 + 0 x_6 + 0 x_7 + 0 x_8 + 1 x_9 + 1 x_10 + 1 x_11 + 1 x_12 + 0 x_13 + 0 x_14 + 0 x_15 + 0 x_16 <= 1
 0 x_1 + 0 x_2 + 0 x_3 + 0 x_4 + 0 x_5 + 0 x_6 + 0 x_7 + 0 x_8 + 0 x_9 + 0 x_10 + 0 x_11 + 0 x_12 + 1 x_13 + 1 x_14 + 1 x_15 + 1 x_16 <= 1
 -1 x_1 + 0 x_2 + 0 x_3 + 0 x_4 + -1 x_5 + 0 x_6 + 0 x_7 + 0 x_8 + -1 x_9 + 0 x_10 + 0 x_11 + 0 x_12 + -1 x_13 + 0 x_14 + 0 x_15 + 0 x_16 <= -1
 0 x_1 + -1 x_2 + 0 x_3 + 0 x_4 + 0 x_5 + -1 x_6 + 0 x_7 + 0 x_8 + 0 x_9 + -1 x_10 + 0 x_11 + 0 x_12 + 0 x_13 + -1 x_14 + 0 x_15 + 0 x_16 <= -1
 0 x_1 + 0 x_2 + -1 x_3 + 0 x_4 + 0 x_5 + 0 x_6 + -1 x_7 + 0 x_8 + 0 x_9 + 0 x_10 + -1 x_11 + 0 x_12 + 0 x_13 + 0 x_14 + -1 x_15 + 0 x_16 <= -1
 0 x_1 + 0 x_2 + 0 x_3 + -1 x_4 + 0 x_5 + 0 x_6 + 0 x_7 + -1 x_8 + 0 x_9 + 0 x_10 + 0 x_11 + -1 x_12 + 0 x_13 + 0 x_14 + 0 x_15 + -1 x_16 <= -1
 x_1, x_2, x_3, x_4, x_5, x_6, x_7, x_8, x_9, x_10, x_11, x_12, x_13, x_14, x_15, x_16 positifs

*****Premiere phase (x0 = x_25)*****

Le dictionnaire initial est 
x_17 =  1 + -1 x_1 + -1 x_2 + -1 x_3 + -1 x_4 + 0 x_5 + 0 x_6 + 0 x_7 + 0 x_8 + 0 x_9 + 0 x_10 + 0 x_11 + 0 x_12 + 0 x_13 + 0 x_14 + 0 x_15 + 0 x_16 + x_25
x_18 =  1 + 0 x_1 + 0 x_2 + 0 x_3 + 0 x_4 + -1 x_5 + -1 x_6 + -1 x_7 + -1 x_8 + 0 x_9 + 0 x_10 + 0 x_11 + 0 x_12 + 0 x_13 + 0 x_14 + 0 x_15 + 0 x_16 + x_25
x_19 =  1 + 0 x_1 + 0 x_2 + 0 x_3 + 0 x_4 + 0 x_5 + 0 x_6 + 0 x_7 + 0 x_8 + -1 x_9 + -1 x_10 + -1 x_11 + -1 x_12 + 0 x_13 + 0 x_14 + 0 x_15 + 0 x_16 + x_25
x_20 =  1 + 0 x_1 + 0 x_2 + 0 x_3 + 0 x_4 + 0 x_5 + 0 x_6 + 0 x_7 + 0 x_8 + 0 x_9 + 0 x_10 + 0 x_11 + 0 x_12 + -1 x_13 + -1 x_14 + -1 x_15 + -1 x_16 + x_25
x_21 =  -1 + x_1 + 0 x_2 + 0 x_3 + 0 x_4 + x_5 + 0 x_6 + 0 x_7 + 0 x_8 + x_9 + 0 x_10 + 0 x_11 + 0 x_12 + x_13 + 0 x_14 + 0 x_15 + 0 x_16 + x_25
x_22 =  -1 + 0 x_1 + x_2 + 0 x_3 + 0 x_4 + 0 x_5 + x_6 + 0 x_7 + 0 x_8 + 0 x_9 + x_10 + 0 x_11 + 0 x_12 + 0 x_13 + x_14 + 0 x_15 + 0 x_16 + x_25
x_23 =  -1 + 0 x_1 + 0 x_2 + x_3 + 0 x_4 + 0 x_5 + 0 x_6 + x_7 + 0 x_8 + 0 x_9 + 0 x_10 + x_11 + 0 x_12 + 0 x_13 + 0 x_14 + x_15 + 0 x_16 + x_25
x_24 =  -1 + 0 x_1 + 0 x_2 + 0 x_3 + x_4 + 0 x_5 + 0 x_6 + 0 x_7 + x_8 + 0 x_9 + 0 x_10 + 0 x_11 + x_12 + 0 x_13 + 0 x_14 + 0 x_15 + x_16 + x_25
-------------------------------------------------------------------------------------------------------------------------------------------------------
z =  0 + 0 x_1 + 0 x_2 + 0 x_3 + 0 x_4 + 0 x_5 + 0 x_6 + 0 x_7 + 0 x_8 + 0 x_9 + 0 x_10 + 0 x_11 + 0 x_12 + 0 x_13 + 0 x_14 + 0 x_15 + 0 x_16 + -1 x_25


Variable entrante : x_25
Variable entrante : x_21

x_17 =  2 + -2 x_1 + -1 x_2 + -1 x_3 + -1 x_4 + -1 x_5 + 0 x_6 + 0 x_7 + 0 x_8 + -1 x_9 + 0 x_10 + 0 x_11 + 0 x_12 + -1 x_13 + 0 x_14 + 0 x_15 + 0 x_16 + x_21
x_18 =  2 + -1 x_1 + 0 x_2 + 0 x_3 + 0 x_4 + -2 x_5 + -1 x_6 + -1 x_7 + -1 x_8 + -1 x_9 + 0 x_10 + 0 x_11 + 0 x_12 + -1 x_13 + 0 x_14 + 0 x_15 + 0 x_16 + x_21
x_19 =  2 + -1 x_1 + 0 x_2 + 0 x_3 + 0 x_4 + -1 x_5 + 0 x_6 + 0 x_7 + 0 x_8 + -2 x_9 + -1 x_10 + -1 x_11 + -1 x_12 + -1 x_13 + 0 x_14 + 0 x_15 + 0 x_16 + x_21
x_20 =  2 + -1 x_1 + 0 x_2 + 0 x_3 + 0 x_4 + -1 x_5 + 0 x_6 + 0 x_7 + 0 x_8 + -1 x_9 + 0 x_10 + 0 x_11 + 0 x_12 + -2 x_13 + -1 x_14 + -1 x_15 + -1 x_16 + x_21
x_22 =  0 + -1 x_1 + x_2 + 0 x_3 + 0 x_4 + -1 x_5 + x_6 + 0 x_7 + 0 x_8 + -1 x_9 + x_10 + 0 x_11 + 0 x_12 + -1 x_13 + x_14 + 0 x_15 + 0 x_16 + x_21
x_23 =  0 + -1 x_1 + 0 x_2 + x_3 + 0 x_4 + -1 x_5 + 0 x_6 + x_7 + 0 x_8 + -1 x_9 + 0 x_10 + x_11 + 0 x_12 + -1 x_13 + 0 x_14 + x_15 + 0 x_16 + x_21
x_24 =  0 + -1 x_1 + 0 x_2 + 0 x_3 + x_4 + -1 x_5 + 0 x_6 + 0 x_7 + x_8 + -1 x_9 + 0 x_10 + 0 x_11 + x_12 + -1 x_13 + 0 x_14 + 0 x_15 + x_16 + x_21
x_25 =  1 + -1 x_1 + 0 x_2 + 0 x_3 + 0 x_4 + -1 x_5 + 0 x_6 + 0 x_7 + 0 x_8 + -1 x_9 + 0 x_10 + 0 x_11 + 0 x_12 + -1 x_13 + 0 x_14 + 0 x_15 + 0 x_16 + x_21
-------------------------------------------------------------------------------------------------------------------------------------------------------
z =  -1 + x_1 + 0 x_2 + 0 x_3 + 0 x_4 + x_5 + 0 x_6 + 0 x_7 + 0 x_8 + x_9 + 0 x_10 + 0 x_11 + 0 x_12 + x_13 + 0 x_14 + 0 x_15 + 0 x_16 + -1 x_21


Variable entrante : x_1
Variable sortante : x_22

x_1 =  0 + x_2 + 0 x_3 + 0 x_4 + -1 x_5 + x_6 + 0 x_7 + 0 x_8 + -1 x_9 + x_10 + 0 x_11 + 0 x_12 + -1 x_13 + x_14 + 0 x_15 + 0 x_16 + x_21 + -1 x_22
x_17 =  2 + -3 x_2 + -1 x_3 + -1 x_4 + x_5 + -2 x_6 + 0 x_7 + 0 x_8 + x_9 + -2 x_10 + 0 x_11 + 0 x_12 + x_13 + -2 x_14 + 0 x_15 + 0 x_16 + -1 x_21 + 2 x_22
x_18 =  2 + -1 x_2 + 0 x_3 + 0 x_4 + -1 x_5 + -2 x_6 + -1 x_7 + -1 x_8 + 0 x_9 + -1 x_10 + 0 x_11 + 0 x_12 + 0 x_13 + -1 x_14 + 0 x_15 + 0 x_16 + 0 x_21 + x_22
x_19 =  2 + -1 x_2 + 0 x_3 + 0 x_4 + 0 x_5 + -1 x_6 + 0 x_7 + 0 x_8 + -1 x_9 + -2 x_10 + -1 x_11 + -1 x_12 + 0 x_13 + -1 x_14 + 0 x_15 + 0 x_16 + 0 x_21 + x_22
x_20 =  2 + -1 x_2 + 0 x_3 + 0 x_4 + 0 x_5 + -1 x_6 + 0 x_7 + 0 x_8 + 0 x_9 + -1 x_10 + 0 x_11 + 0 x_12 + -1 x_13 + -2 x_14 + -1 x_15 + -1 x_16 + 0 x_21 + x_22
x_23 =  0 + -1 x_2 + x_3 + 0 x_4 + 0 x_5 + -1 x_6 + x_7 + 0 x_8 + 0 x_9 + -1 x_10 + x_11 + 0 x_12 + 0 x_13 + -1 x_14 + x_15 + 0 x_16 + 0 x_21 + x_22
x_24 =  0 + -1 x_2 + 0 x_3 + x_4 + 0 x_5 + -1 x_6 + 0 x_7 + x_8 + 0 x_9 + -1 x_10 + 0 x_11 + x_12 + 0 x_13 + -1 x_14 + 0 x_15 + x_16 + 0 x_21 + x_22
x_25 =  1 + -1 x_2 + 0 x_3 + 0 x_4 + 0 x_5 + -1 x_6 + 0 x_7 + 0 x_8 + 0 x_9 + -1 x_10 + 0 x_11 + 0 x_12 + 0 x_13 + -1 x_14 + 0 x_15 + 0 x_16 + 0 x_21 + x_22
-------------------------------------------------------------------------------------------------------------------------------------------------------
z =  -1 + x_2 + 0 x_3 + 0 x_4 + 0 x_5 + x_6 + 0 x_7 + 0 x_8 + 0 x_9 + x_10 + 0 x_11 + 0 x_12 + 0 x_13 + x_14 + 0 x_15 + 0 x_16 + 0 x_21 + -1 x_22


Variable entrante : x_2
Variable sortante : x_23

x_1 =  0 + x_3 + 0 x_4 + -1 x_5 + 0 x_6 + x_7 + 0 x_8 + -1 x_9 + 0 x_10 + x_11 + 0 x_12 + -1 x_13 + 0 x_14 + x_15 + 0 x_16 + x_21 + 0 x_22 + -1 x_23
x_2 =  0 + x_3 + 0 x_4 + 0 x_5 + -1 x_6 + x_7 + 0 x_8 + 0 x_9 + -1 x_10 + x_11 + 0 x_12 + 0 x_13 + -1 x_14 + x_15 + 0 x_16 + 0 x_21 + x_22 + -1 x_23
x_17 =  2 + -4 x_3 + -1 x_4 + x_5 + x_6 + -3 x_7 + 0 x_8 + x_9 + x_10 + -3 x_11 + 0 x_12 + x_13 + x_14 + -3 x_15 + 0 x_16 + -1 x_21 + -1 x_22 + 3 x_23
x_18 =  2 + -1 x_3 + 0 x_4 + -1 x_5 + -1 x_6 + -2 x_7 + -1 x_8 + 0 x_9 + 0 x_10 + -1 x_11 + 0 x_12 + 0 x_13 + 0 x_14 + -1 x_15 + 0 x_16 + 0 x_21 + 0 x_22 + x_23
x_19 =  2 + -1 x_3 + 0 x_4 + 0 x_5 + 0 x_6 + -1 x_7 + 0 x_8 + -1 x_9 + -1 x_10 + -2 x_11 + -1 x_12 + 0 x_13 + 0 x_14 + -1 x_15 + 0 x_16 + 0 x_21 + 0 x_22 + x_23
x_20 =  2 + -1 x_3 + 0 x_4 + 0 x_5 + 0 x_6 + -1 x_7 + 0 x_8 + 0 x_9 + 0 x_10 + -1 x_11 + 0 x_12 + -1 x_13 + -1 x_14 + -2 x_15 + -1 x_16 + 0 x_21 + 0 x_22 + x_23
x_24 =  0 + -1 x_3 + x_4 + 0 x_5 + 0 x_6 + -1 x_7 + x_8 + 0 x_9 + 0 x_10 + -1 x_11 + x_12 + 0 x_13 + 0 x_14 + -1 x_15 + x_16 + 0 x_21 + 0 x_22 + x_23
x_25 =  1 + -1 x_3 + 0 x_4 + 0 x_5 + 0 x_6 + -1 x_7 + 0 x_8 + 0 x_9 + 0 x_10 + -1 x_11 + 0 x_12 + 0 x_13 + 0 x_14 + -1 x_15 + 0 x_16 + 0 x_21 + 0 x_22 + x_23
-------------------------------------------------------------------------------------------------------------------------------------------------------
z =  -1 + x_3 + 0 x_4 + 0 x_5 + 0 x_6 + x_7 + 0 x_8 + 0 x_9 + 0 x_10 + x_11 + 0 x_12 + 0 x_13 + 0 x_14 + x_15 + 0 x_16 + 0 x_21 + 0 x_22 + -1 x_23


Variable entrante : x_3
Variable sortante : x_24

x_1 =  0 + x_4 + -1 x_5 + 0 x_6 + 0 x_7 + x_8 + -1 x_9 + 0 x_10 + 0 x_11 + x_12 + -1 x_13 + 0 x_14 + 0 x_15 + x_16 + x_21 + 0 x_22 + 0 x_23 + -1 x_24
x_2 =  0 + x_4 + 0 x_5 + -1 x_6 + 0 x_7 + x_8 + 0 x_9 + -1 x_10 + 0 x_11 + x_12 + 0 x_13 + -1 x_14 + 0 x_15 + x_16 + 0 x_21 + x_22 + 0 x_23 + -1 x_24
x_3 =  0 + x_4 + 0 x_5 + 0 x_6 + -1 x_7 + x_8 + 0 x_9 + 0 x_10 + -1 x_11 + x_12 + 0 x_13 + 0 x_14 + -1 x_15 + x_16 + 0 x_21 + 0 x_22 + x_23 + -1 x_24
x_17 =  2 + -5 x_4 + x_5 + x_6 + x_7 + -4 x_8 + x_9 + x_10 + x_11 + -4 x_12 + x_13 + x_14 + x_15 + -4 x_16 + -1 x_21 + -1 x_22 + -1 x_23 + 4 x_24
x_18 =  2 + -1 x_4 + -1 x_5 + -1 x_6 + -1 x_7 + -2 x_8 + 0 x_9 + 0 x_10 + 0 x_11 + -1 x_12 + 0 x_13 + 0 x_14 + 0 x_15 + -1 x_16 + 0 x_21 + 0 x_22 + 0 x_23 + x_24
x_19 =  2 + -1 x_4 + 0 x_5 + 0 x_6 + 0 x_7 + -1 x_8 + -1 x_9 + -1 x_10 + -1 x_11 + -2 x_12 + 0 x_13 + 0 x_14 + 0 x_15 + -1 x_16 + 0 x_21 + 0 x_22 + 0 x_23 + x_24
x_20 =  2 + -1 x_4 + 0 x_5 + 0 x_6 + 0 x_7 + -1 x_8 + 0 x_9 + 0 x_10 + 0 x_11 + -1 x_12 + -1 x_13 + -1 x_14 + -1 x_15 + -2 x_16 + 0 x_21 + 0 x_22 + 0 x_23 + x_24
x_25 =  1 + -1 x_4 + 0 x_5 + 0 x_6 + 0 x_7 + -1 x_8 + 0 x_9 + 0 x_10 + 0 x_11 + -1 x_12 + 0 x_13 + 0 x_14 + 0 x_15 + -1 x_16 + 0 x_21 + 0 x_22 + 0 x_23 + x_24
-------------------------------------------------------------------------------------------------------------------------------------------------------
z =  -1 + x_4 + 0 x_5 + 0 x_6 + 0 x_7 + x_8 + 0 x_9 + 0 x_10 + 0 x_11 + x_12 + 0 x_13 + 0 x_14 + 0 x_15 + x_16 + 0 x_21 + 0 x_22 + 0 x_23 + -1 x_24


Variable entrante : x_4
Variable sortante : x_17

x_1 =  2/5 + -4/5 x_5 + 1/5 x_6 + 1/5 x_7 + 1/5 x_8 + -4/5 x_9 + 1/5 x_10 + 1/5 x_11 + 1/5 x_12 + -4/5 x_13 + 1/5 x_14 + 1/5 x_15 + 1/5 x_16 + -1/5 x_17 + 4/5 x_21 + -1/5 x_22 + -1/5 x_23 + -1/5 x_24
x_2 =  2/5 + 1/5 x_5 + -4/5 x_6 + 1/5 x_7 + 1/5 x_8 + 1/5 x_9 + -4/5 x_10 + 1/5 x_11 + 1/5 x_12 + 1/5 x_13 + -4/5 x_14 + 1/5 x_15 + 1/5 x_16 + -1/5 x_17 + -1/5 x_21 + 4/5 x_22 + -1/5 x_23 + -1/5 x_24
x_3 =  2/5 + 1/5 x_5 + 1/5 x_6 + -4/5 x_7 + 1/5 x_8 + 1/5 x_9 + 1/5 x_10 + -4/5 x_11 + 1/5 x_12 + 1/5 x_13 + 1/5 x_14 + -4/5 x_15 + 1/5 x_16 + -1/5 x_17 + -1/5 x_21 + -1/5 x_22 + 4/5 x_23 + -1/5 x_24
x_4 =  2/5 + 1/5 x_5 + 1/5 x_6 + 1/5 x_7 + -4/5 x_8 + 1/5 x_9 + 1/5 x_10 + 1/5 x_11 + -4/5 x_12 + 1/5 x_13 + 1/5 x_14 + 1/5 x_15 + -4/5 x_16 + -1/5 x_17 + -1/5 x_21 + -1/5 x_22 + -1/5 x_23 + 4/5 x_24
x_18 =  8/5 + -6/5 x_5 + -6/5 x_6 + -6/5 x_7 + -6/5 x_8 + -1/5 x_9 + -1/5 x_10 + -1/5 x_11 + -1/5 x_12 + -1/5 x_13 + -1/5 x_14 + -1/5 x_15 + -1/5 x_16 + 1/5 x_17 + 1/5 x_21 + 1/5 x_22 + 1/5 x_23 + 1/5 x_24
x_19 =  8/5 + -1/5 x_5 + -1/5 x_6 + -1/5 x_7 + -1/5 x_8 + -6/5 x_9 + -6/5 x_10 + -6/5 x_11 + -6/5 x_12 + -1/5 x_13 + -1/5 x_14 + -1/5 x_15 + -1/5 x_16 + 1/5 x_17 + 1/5 x_21 + 1/5 x_22 + 1/5 x_23 + 1/5 x_24
x_20 =  8/5 + -1/5 x_5 + -1/5 x_6 + -1/5 x_7 + -1/5 x_8 + -1/5 x_9 + -1/5 x_10 + -1/5 x_11 + -1/5 x_12 + -6/5 x_13 + -6/5 x_14 + -6/5 x_15 + -6/5 x_16 + 1/5 x_17 + 1/5 x_21 + 1/5 x_22 + 1/5 x_23 + 1/5 x_24
x_25 =  3/5 + -1/5 x_5 + -1/5 x_6 + -1/5 x_7 + -1/5 x_8 + -1/5 x_9 + -1/5 x_10 + -1/5 x_11 + -1/5 x_12 + -1/5 x_13 + -1/5 x_14 + -1/5 x_15 + -1/5 x_16 + 1/5 x_17 + 1/5 x_21 + 1/5 x_22 + 1/5 x_23 + 1/5 x_24
-------------------------------------------------------------------------------------------------------------------------------------------------------
z =  -3/5 + 1/5 x_5 + 1/5 x_6 + 1/5 x_7 + 1/5 x_8 + 1/5 x_9 + 1/5 x_10 + 1/5 x_11 + 1/5 x_12 + 1/5 x_13 + 1/5 x_14 + 1/5 x_15 + 1/5 x_16 + -1/5 x_17 + -1/5 x_21 + -1/5 x_22 + -1/5 x_23 + -1/5 x_24


Variable entrante : x_5
Variable sortante : x_1

x_2 =  1/2 + -1/4 x_1 + -3/4 x_6 + 1/4 x_7 + 1/4 x_8 + 0 x_9 + -3/4 x_10 + 1/4 x_11 + 1/4 x_12 + 0 x_13 + -3/4 x_14 + 1/4 x_15 + 1/4 x_16 + -1/4 x_17 + 0 x_21 + 3/4 x_22 + -1/4 x_23 + -1/4 x_24
x_3 =  1/2 + -1/4 x_1 + 1/4 x_6 + -3/4 x_7 + 1/4 x_8 + 0 x_9 + 1/4 x_10 + -3/4 x_11 + 1/4 x_12 + 0 x_13 + 1/4 x_14 + -3/4 x_15 + 1/4 x_16 + -1/4 x_17 + 0 x_21 + -1/4 x_22 + 3/4 x_23 + -1/4 x_24
x_4 =  1/2 + -1/4 x_1 + 1/4 x_6 + 1/4 x_7 + -3/4 x_8 + 0 x_9 + 1/4 x_10 + 1/4 x_11 + -3/4 x_12 + 0 x_13 + 1/4 x_14 + 1/4 x_15 + -3/4 x_16 + -1/4 x_17 + 0 x_21 + -1/4 x_22 + -1/4 x_23 + 3/4 x_24
x_5 =  1/2 + -5/4 x_1 + 1/4 x_6 + 1/4 x_7 + 1/4 x_8 + -1 x_9 + 1/4 x_10 + 1/4 x_11 + 1/4 x_12 + -1 x_13 + 1/4 x_14 + 1/4 x_15 + 1/4 x_16 + -1/4 x_17 + x_21 + -1/4 x_22 + -1/4 x_23 + -1/4 x_24
x_18 =  1 + 3/2 x_1 + -3/2 x_6 + -3/2 x_7 + -3/2 x_8 + x_9 + -1/2 x_10 + -1/2 x_11 + -1/2 x_12 + x_13 + -1/2 x_14 + -1/2 x_15 + -1/2 x_16 + 1/2 x_17 + -1 x_21 + 1/2 x_22 + 1/2 x_23 + 1/2 x_24
x_19 =  3/2 + 1/4 x_1 + -1/4 x_6 + -1/4 x_7 + -1/4 x_8 + -1 x_9 + -5/4 x_10 + -5/4 x_11 + -5/4 x_12 + 0 x_13 + -1/4 x_14 + -1/4 x_15 + -1/4 x_16 + 1/4 x_17 + 0 x_21 + 1/4 x_22 + 1/4 x_23 + 1/4 x_24
x_20 =  3/2 + 1/4 x_1 + -1/4 x_6 + -1/4 x_7 + -1/4 x_8 + 0 x_9 + -1/4 x_10 + -1/4 x_11 + -1/4 x_12 + -1 x_13 + -5/4 x_14 + -5/4 x_15 + -5/4 x_16 + 1/4 x_17 + 0 x_21 + 1/4 x_22 + 1/4 x_23 + 1/4 x_24
x_25 =  1/2 + 1/4 x_1 + -1/4 x_6 + -1/4 x_7 + -1/4 x_8 + 0 x_9 + -1/4 x_10 + -1/4 x_11 + -1/4 x_12 + 0 x_13 + -1/4 x_14 + -1/4 x_15 + -1/4 x_16 + 1/4 x_17 + 0 x_21 + 1/4 x_22 + 1/4 x_23 + 1/4 x_24
-------------------------------------------------------------------------------------------------------------------------------------------------------
z =  -1/2 + -1/4 x_1 + 1/4 x_6 + 1/4 x_7 + 1/4 x_8 + 0 x_9 + 1/4 x_10 + 1/4 x_11 + 1/4 x_12 + 0 x_13 + 1/4 x_14 + 1/4 x_15 + 1/4 x_16 + -1/4 x_17 + 0 x_21 + -1/4 x_22 + -1/4 x_23 + -1/4 x_24


Variable entrante : x_6
Variable sortante : x_2

x_3 =  2/3 + -1/3 x_1 + -1/3 x_2 + -2/3 x_7 + 1/3 x_8 + 0 x_9 + 0 x_10 + -2/3 x_11 + 1/3 x_12 + 0 x_13 + 0 x_14 + -2/3 x_15 + 1/3 x_16 + -1/3 x_17 + 0 x_21 + 0 x_22 + 2/3 x_23 + -1/3 x_24
x_4 =  2/3 + -1/3 x_1 + -1/3 x_2 + 1/3 x_7 + -2/3 x_8 + 0 x_9 + 0 x_10 + 1/3 x_11 + -2/3 x_12 + 0 x_13 + 0 x_14 + 1/3 x_15 + -2/3 x_16 + -1/3 x_17 + 0 x_21 + 0 x_22 + -1/3 x_23 + 2/3 x_24
x_5 =  2/3 + -4/3 x_1 + -1/3 x_2 + 1/3 x_7 + 1/3 x_8 + -1 x_9 + 0 x_10 + 1/3 x_11 + 1/3 x_12 + -1 x_13 + 0 x_14 + 1/3 x_15 + 1/3 x_16 + -1/3 x_17 + x_21 + 0 x_22 + -1/3 x_23 + -1/3 x_24
x_6 =  2/3 + -1/3 x_1 + -4/3 x_2 + 1/3 x_7 + 1/3 x_8 + 0 x_9 + -1 x_10 + 1/3 x_11 + 1/3 x_12 + 0 x_13 + -1 x_14 + 1/3 x_15 + 1/3 x_16 + -1/3 x_17 + 0 x_21 + x_22 + -1/3 x_23 + -1/3 x_24
x_18 =  0 + 2 x_1 + 2 x_2 + -2 x_7 + -2 x_8 + x_9 + x_10 + -1 x_11 + -1 x_12 + x_13 + x_14 + -1 x_15 + -1 x_16 + x_17 + -1 x_21 + -1 x_22 + x_23 + x_24
x_19 =  4/3 + 1/3 x_1 + 1/3 x_2 + -1/3 x_7 + -1/3 x_8 + -1 x_9 + -1 x_10 + -4/3 x_11 + -4/3 x_12 + 0 x_13 + 0 x_14 + -1/3 x_15 + -1/3 x_16 + 1/3 x_17 + 0 x_21 + 0 x_22 + 1/3 x_23 + 1/3 x_24
x_20 =  4/3 + 1/3 x_1 + 1/3 x_2 + -1/3 x_7 + -1/3 x_8 + 0 x_9 + 0 x_10 + -1/3 x_11 + -1/3 x_12 + -1 x_13 + -1 x_14 + -4/3 x_15 + -4/3 x_16 + 1/3 x_17 + 0 x_21 + 0 x_22 + 1/3 x_23 + 1/3 x_24
x_25 =  1/3 + 1/3 x_1 + 1/3 x_2 + -1/3 x_7 + -1/3 x_8 + 0 x_9 + 0 x_10 + -1/3 x_11 + -1/3 x_12 + 0 x_13 + 0 x_14 + -1/3 x_15 + -1/3 x_16 + 1/3 x_17 + 0 x_21 + 0 x_22 + 1/3 x_23 + 1/3 x_24
-------------------------------------------------------------------------------------------------------------------------------------------------------
z =  -1/3 + -1/3 x_1 + -1/3 x_2 + 1/3 x_7 + 1/3 x_8 + 0 x_9 + 0 x_10 + 1/3 x_11 + 1/3 x_12 + 0 x_13 + 0 x_14 + 1/3 x_15 + 1/3 x_16 + -1/3 x_17 + 0 x_21 + 0 x_22 + -1/3 x_23 + -1/3 x_24


Variable entrante : x_7
Variable sortante : x_18

x_3 =  2/3 + -1 x_1 + -1 x_2 + x_8 + -1/3 x_9 + -1/3 x_10 + -1/3 x_11 + 2/3 x_12 + -1/3 x_13 + -1/3 x_14 + -1/3 x_15 + 2/3 x_16 + -2/3 x_17 + 1/3 x_18 + 1/3 x_21 + 1/3 x_22 + 1/3 x_23 + -2/3 x_24
x_4 =  2/3 + 0 x_1 + 0 x_2 + -1 x_8 + 1/6 x_9 + 1/6 x_10 + 1/6 x_11 + -5/6 x_12 + 1/6 x_13 + 1/6 x_14 + 1/6 x_15 + -5/6 x_16 + -1/6 x_17 + -1/6 x_18 + -1/6 x_21 + -1/6 x_22 + -1/6 x_23 + 5/6 x_24
x_5 =  2/3 + -1 x_1 + 0 x_2 + 0 x_8 + -5/6 x_9 + 1/6 x_10 + 1/6 x_11 + 1/6 x_12 + -5/6 x_13 + 1/6 x_14 + 1/6 x_15 + 1/6 x_16 + -1/6 x_17 + -1/6 x_18 + 5/6 x_21 + -1/6 x_22 + -1/6 x_23 + -1/6 x_24
x_6 =  2/3 + 0 x_1 + -1 x_2 + 0 x_8 + 1/6 x_9 + -5/6 x_10 + 1/6 x_11 + 1/6 x_12 + 1/6 x_13 + -5/6 x_14 + 1/6 x_15 + 1/6 x_16 + -1/6 x_17 + -1/6 x_18 + -1/6 x_21 + 5/6 x_22 + -1/6 x_23 + -1/6 x_24
x_7 =  0 + x_1 + x_2 + -1 x_8 + 1/2 x_9 + 1/2 x_10 + -1/2 x_11 + -1/2 x_12 + 1/2 x_13 + 1/2 x_14 + -1/2 x_15 + -1/2 x_16 + 1/2 x_17 + -1/2 x_18 + -1/2 x_21 + -1/2 x_22 + 1/2 x_23 + 1/2 x_24
x_19 =  4/3 + 0 x_1 + 0 x_2 + 0 x_8 + -7/6 x_9 + -7/6 x_10 + -7/6 x_11 + -7/6 x_12 + -1/6 x_13 + -1/6 x_14 + -1/6 x_15 + -1/6 x_16 + 1/6 x_17 + 1/6 x_18 + 1/6 x_21 + 1/6 x_22 + 1/6 x_23 + 1/6 x_24
x_20 =  4/3 + 0 x_1 + 0 x_2 + 0 x_8 + -1/6 x_9 + -1/6 x_10 + -1/6 x_11 + -1/6 x_12 + -7/6 x_13 + -7/6 x_14 + -7/6 x_15 + -7/6 x_16 + 1/6 x_17 + 1/6 x_18 + 1/6 x_21 + 1/6 x_22 + 1/6 x_23 + 1/6 x_24
x_25 =  1/3 + 0 x_1 + 0 x_2 + 0 x_8 + -1/6 x_9 + -1/6 x_10 + -1/6 x_11 + -1/6 x_12 + -1/6 x_13 + -1/6 x_14 + -1/6 x_15 + -1/6 x_16 + 1/6 x_17 + 1/6 x_18 + 1/6 x_21 + 1/6 x_22 + 1/6 x_23 + 1/6 x_24
-------------------------------------------------------------------------------------------------------------------------------------------------------
z =  -1/3 + 0 x_1 + 0 x_2 + 0 x_8 + 1/6 x_9 + 1/6 x_10 + 1/6 x_11 + 1/6 x_12 + 1/6 x_13 + 1/6 x_14 + 1/6 x_15 + 1/6 x_16 + -1/6 x_17 + -1/6 x_18 + -1/6 x_21 + -1/6 x_22 + -1/6 x_23 + -1/6 x_24


Variable entrante : x_9
Variable sortante : x_5

x_3 =  2/5 + -3/5 x_1 + -1 x_2 + 2/5 x_5 + x_8 + -2/5 x_10 + -2/5 x_11 + 3/5 x_12 + 0 x_13 + -2/5 x_14 + -2/5 x_15 + 3/5 x_16 + -3/5 x_17 + 2/5 x_18 + 0 x_21 + 2/5 x_22 + 2/5 x_23 + -3/5 x_24
x_4 =  4/5 + -1/5 x_1 + 0 x_2 + -1/5 x_5 + -1 x_8 + 1/5 x_10 + 1/5 x_11 + -4/5 x_12 + 0 x_13 + 1/5 x_14 + 1/5 x_15 + -4/5 x_16 + -1/5 x_17 + -1/5 x_18 + 0 x_21 + -1/5 x_22 + -1/5 x_23 + 4/5 x_24
x_6 =  4/5 + -1/5 x_1 + -1 x_2 + -1/5 x_5 + 0 x_8 + -4/5 x_10 + 1/5 x_11 + 1/5 x_12 + 0 x_13 + -4/5 x_14 + 1/5 x_15 + 1/5 x_16 + -1/5 x_17 + -1/5 x_18 + 0 x_21 + 4/5 x_22 + -1/5 x_23 + -1/5 x_24
x_7 =  2/5 + 2/5 x_1 + x_2 + -3/5 x_5 + -1 x_8 + 3/5 x_10 + -2/5 x_11 + -2/5 x_12 + 0 x_13 + 3/5 x_14 + -2/5 x_15 + -2/5 x_16 + 2/5 x_17 + -3/5 x_18 + 0 x_21 + -3/5 x_22 + 2/5 x_23 + 2/5 x_24
x_9 =  4/5 + -6/5 x_1 + 0 x_2 + -6/5 x_5 + 0 x_8 + 1/5 x_10 + 1/5 x_11 + 1/5 x_12 + -1 x_13 + 1/5 x_14 + 1/5 x_15 + 1/5 x_16 + -1/5 x_17 + -1/5 x_18 + x_21 + -1/5 x_22 + -1/5 x_23 + -1/5 x_24
x_19 =  2/5 + 7/5 x_1 + 0 x_2 + 7/5 x_5 + 0 x_8 + -7/5 x_10 + -7/5 x_11 + -7/5 x_12 + x_13 + -2/5 x_14 + -2/5 x_15 + -2/5 x_16 + 2/5 x_17 + 2/5 x_18 + -1 x_21 + 2/5 x_22 + 2/5 x_23 + 2/5 x_24
x_20 =  6/5 + 1/5 x_1 + 0 x_2 + 1/5 x_5 + 0 x_8 + -1/5 x_10 + -1/5 x_11 + -1/5 x_12 + -1 x_13 + -6/5 x_14 + -6/5 x_15 + -6/5 x_16 + 1/5 x_17 + 1/5 x_18 + 0 x_21 + 1/5 x_22 + 1/5 x_23 + 1/5 x_24
x_25 =  1/5 + 1/5 x_1 + 0 x_2 + 1/5 x_5 + 0 x_8 + -1/5 x_10 + -1/5 x_11 + -1/5 x_12 + 0 x_13 + -1/5 x_14 + -1/5 x_15 + -1/5 x_16 + 1/5 x_17 + 1/5 x_18 + 0 x_21 + 1/5 x_22 + 1/5 x_23 + 1/5 x_24
-------------------------------------------------------------------------------------------------------------------------------------------------------
z =  -1/5 + -1/5 x_1 + 0 x_2 + -1/5 x_5 + 0 x_8 + 1/5 x_10 + 1/5 x_11 + 1/5 x_12 + 0 x_13 + 1/5 x_14 + 1/5 x_15 + 1/5 x_16 + -1/5 x_17 + -1/5 x_18 + 0 x_21 + -1/5 x_22 + -1/5 x_23 + -1/5 x_24


Variable entrante : x_10
Variable sortante : x_19

x_3 =  2/7 + -1 x_1 + -1 x_2 + 0 x_5 + x_8 + 0 x_11 + x_12 + -2/7 x_13 + -2/7 x_14 + -2/7 x_15 + 5/7 x_16 + -5/7 x_17 + 2/7 x_18 + 2/7 x_19 + 2/7 x_21 + 2/7 x_22 + 2/7 x_23 + -5/7 x_24
x_4 =  6/7 + 0 x_1 + 0 x_2 + 0 x_5 + -1 x_8 + 0 x_11 + -1 x_12 + 1/7 x_13 + 1/7 x_14 + 1/7 x_15 + -6/7 x_16 + -1/7 x_17 + -1/7 x_18 + -1/7 x_19 + -1/7 x_21 + -1/7 x_22 + -1/7 x_23 + 6/7 x_24
x_6 =  4/7 + -1 x_1 + -1 x_2 + -1 x_5 + 0 x_8 + x_11 + x_12 + -4/7 x_13 + -4/7 x_14 + 3/7 x_15 + 3/7 x_16 + -3/7 x_17 + -3/7 x_18 + 4/7 x_19 + 4/7 x_21 + 4/7 x_22 + -3/7 x_23 + -3/7 x_24
x_7 =  4/7 + x_1 + x_2 + 0 x_5 + -1 x_8 + -1 x_11 + -1 x_12 + 3/7 x_13 + 3/7 x_14 + -4/7 x_15 + -4/7 x_16 + 4/7 x_17 + -3/7 x_18 + -3/7 x_19 + -3/7 x_21 + -3/7 x_22 + 4/7 x_23 + 4/7 x_24
x_9 =  6/7 + -1 x_1 + 0 x_2 + -1 x_5 + 0 x_8 + 0 x_11 + 0 x_12 + -6/7 x_13 + 1/7 x_14 + 1/7 x_15 + 1/7 x_16 + -1/7 x_17 + -1/7 x_18 + -1/7 x_19 + 6/7 x_21 + -1/7 x_22 + -1/7 x_23 + -1/7 x_24
x_10 =  2/7 + x_1 + 0 x_2 + x_5 + 0 x_8 + -1 x_11 + -1 x_12 + 5/7 x_13 + -2/7 x_14 + -2/7 x_15 + -2/7 x_16 + 2/7 x_17 + 2/7 x_18 + -5/7 x_19 + -5/7 x_21 + 2/7 x_22 + 2/7 x_23 + 2/7 x_24
x_20 =  8/7 + 0 x_1 + 0 x_2 + 0 x_5 + 0 x_8 + 0 x_11 + 0 x_12 + -8/7 x_13 + -8/7 x_14 + -8/7 x_15 + -8/7 x_16 + 1/7 x_17 + 1/7 x_18 + 1/7 x_19 + 1/7 x_21 + 1/7 x_22 + 1/7 x_23 + 1/7 x_24
x_25 =  1/7 + 0 x_1 + 0 x_2 + 0 x_5 + 0 x_8 + 0 x_11 + 0 x_12 + -1/7 x_13 + -1/7 x_14 + -1/7 x_15 + -1/7 x_16 + 1/7 x_17 + 1/7 x_18 + 1/7 x_19 + 1/7 x_21 + 1/7 x_22 + 1/7 x_23 + 1/7 x_24
-------------------------------------------------------------------------------------------------------------------------------------------------------
z =  -1/7 + 0 x_1 + 0 x_2 + 0 x_5 + 0 x_8 + 0 x_11 + 0 x_12 + 1/7 x_13 + 1/7 x_14 + 1/7 x_15 + 1/7 x_16 + -1/7 x_17 + -1/7 x_18 + -1/7 x_19 + -1/7 x_21 + -1/7 x_22 + -1/7 x_23 + -1/7 x_24


Variable entrante : x_13
Variable sortante : x_3

x_4 =  1 + -1/2 x_1 + -1/2 x_2 + -1/2 x_3 + 0 x_5 + -1/2 x_8 + 0 x_11 + -1/2 x_12 + 0 x_14 + 0 x_15 + -1/2 x_16 + -1/2 x_17 + 0 x_18 + 0 x_19 + 0 x_21 + 0 x_22 + 0 x_23 + 1/2 x_24
x_6 =  0 + x_1 + x_2 + 2 x_3 + -1 x_5 + -2 x_8 + x_11 + -1 x_12 + 0 x_14 + x_15 + -1 x_16 + x_17 + -1 x_18 + 0 x_19 + 0 x_21 + 0 x_22 + -1 x_23 + x_24
x_7 =  1 + -1/2 x_1 + -1/2 x_2 + -3/2 x_3 + 0 x_5 + 1/2 x_8 + -1 x_11 + 1/2 x_12 + 0 x_14 + -1 x_15 + 1/2 x_16 + -1/2 x_17 + 0 x_18 + 0 x_19 + 0 x_21 + 0 x_22 + x_23 + -1/2 x_24
x_9 =  0 + 2 x_1 + 3 x_2 + 3 x_3 + -1 x_5 + -3 x_8 + 0 x_11 + -3 x_12 + x_14 + x_15 + -2 x_16 + 2 x_17 + -1 x_18 + -1 x_19 + 0 x_21 + -1 x_22 + -1 x_23 + 2 x_24
x_10 =  1 + -3/2 x_1 + -5/2 x_2 + -5/2 x_3 + x_5 + 5/2 x_8 + -1 x_11 + 3/2 x_12 + -1 x_14 + -1 x_15 + 3/2 x_16 + -3/2 x_17 + x_18 + 0 x_19 + 0 x_21 + x_22 + x_23 + -3/2 x_24
x_13 =  1 + -7/2 x_1 + -7/2 x_2 + -7/2 x_3 + 0 x_5 + 7/2 x_8 + 0 x_11 + 7/2 x_12 + -1 x_14 + -1 x_15 + 5/2 x_16 + -5/2 x_17 + x_18 + x_19 + x_21 + x_22 + x_23 + -5/2 x_24
x_20 =  0 + 4 x_1 + 4 x_2 + 4 x_3 + 0 x_5 + -4 x_8 + 0 x_11 + -4 x_12 + 0 x_14 + 0 x_15 + -4 x_16 + 3 x_17 + -1 x_18 + -1 x_19 + -1 x_21 + -1 x_22 + -1 x_23 + 3 x_24
x_25 =  0 + 1/2 x_1 + 1/2 x_2 + 1/2 x_3 + 0 x_5 + -1/2 x_8 + 0 x_11 + -1/2 x_12 + 0 x_14 + 0 x_15 + -1/2 x_16 + 1/2 x_17 + 0 x_18 + 0 x_19 + 0 x_21 + 0 x_22 + 0 x_23 + 1/2 x_24
-------------------------------------------------------------------------------------------------------------------------------------------------------
z =  0 + -1/2 x_1 + -1/2 x_2 + -1/2 x_3 + 0 x_5 + 1/2 x_8 + 0 x_11 + 1/2 x_12 + 0 x_14 + 0 x_15 + 1/2 x_16 + -1/2 x_17 + 0 x_18 + 0 x_19 + 0 x_21 + 0 x_22 + 0 x_23 + -1/2 x_24


Variable entrante : x_8
Variable sortante : x_6

x_4 =  1 + -3/4 x_1 + -3/4 x_2 + -1 x_3 + 1/4 x_5 + 1/4 x_6 + -1/4 x_11 + -1/4 x_12 + 0 x_14 + -1/4 x_15 + -1/4 x_16 + -3/4 x_17 + 1/4 x_18 + 0 x_19 + 0 x_21 + 0 x_22 + 1/4 x_23 + 1/4 x_24
x_7 =  1 + -1/4 x_1 + -1/4 x_2 + -1 x_3 + -1/4 x_5 + -1/4 x_6 + -3/4 x_11 + 1/4 x_12 + 0 x_14 + -3/4 x_15 + 1/4 x_16 + -1/4 x_17 + -1/4 x_18 + 0 x_19 + 0 x_21 + 0 x_22 + 3/4 x_23 + -1/4 x_24
x_8 =  0 + 1/2 x_1 + 1/2 x_2 + x_3 + -1/2 x_5 + -1/2 x_6 + 1/2 x_11 + -1/2 x_12 + 0 x_14 + 1/2 x_15 + -1/2 x_16 + 1/2 x_17 + -1/2 x_18 + 0 x_19 + 0 x_21 + 0 x_22 + -1/2 x_23 + 1/2 x_24
x_9 =  0 + 1/2 x_1 + 3/2 x_2 + 0 x_3 + 1/2 x_5 + 3/2 x_6 + -3/2 x_11 + -3/2 x_12 + x_14 + -1/2 x_15 + -1/2 x_16 + 1/2 x_17 + 1/2 x_18 + -1 x_19 + 0 x_21 + -1 x_22 + 1/2 x_23 + 1/2 x_24
x_10 =  1 + -1/4 x_1 + -5/4 x_2 + 0 x_3 + -1/4 x_5 + -5/4 x_6 + 1/4 x_11 + 1/4 x_12 + -1 x_14 + 1/4 x_15 + 1/4 x_16 + -1/4 x_17 + -1/4 x_18 + 0 x_19 + 0 x_21 + x_22 + -1/4 x_23 + -1/4 x_24
x_13 =  1 + -7/4 x_1 + -7/4 x_2 + 0 x_3 + -7/4 x_5 + -7/4 x_6 + 7/4 x_11 + 7/4 x_12 + -1 x_14 + 3/4 x_15 + 3/4 x_16 + -3/4 x_17 + -3/4 x_18 + x_19 + x_21 + x_22 + -3/4 x_23 + -3/4 x_24
x_20 =  0 + 2 x_1 + 2 x_2 + 0 x_3 + 2 x_5 + 2 x_6 + -2 x_11 + -2 x_12 + 0 x_14 + -2 x_15 + -2 x_16 + x_17 + x_18 + -1 x_19 + -1 x_21 + -1 x_22 + x_23 + x_24
x_25 =  0 + 1/4 x_1 + 1/4 x_2 + 0 x_3 + 1/4 x_5 + 1/4 x_6 + -1/4 x_11 + -1/4 x_12 + 0 x_14 + -1/4 x_15 + -1/4 x_16 + 1/4 x_17 + 1/4 x_18 + 0 x_19 + 0 x_21 + 0 x_22 + 1/4 x_23 + 1/4 x_24
-------------------------------------------------------------------------------------------------------------------------------------------------------
z =  0 + -1/4 x_1 + -1/4 x_2 + 0 x_3 + -1/4 x_5 + -1/4 x_6 + 1/4 x_11 + 1/4 x_12 + 0 x_14 + 1/4 x_15 + 1/4 x_16 + -1/4 x_17 + -1/4 x_18 + 0 x_19 + 0 x_21 + 0 x_22 + -1/4 x_23 + -1/4 x_24


Variable entrante : x_11
Variable sortante : x_9

x_4 =  1 + -5/6 x_1 + -1 x_2 + -1 x_3 + 1/6 x_5 + 0 x_6 + 1/6 x_9 + 0 x_12 + -1/6 x_14 + -1/6 x_15 + -1/6 x_16 + -5/6 x_17 + 1/6 x_18 + 1/6 x_19 + 0 x_21 + 1/6 x_22 + 1/6 x_23 + 1/6 x_24
x_7 =  1 + -1/2 x_1 + -1 x_2 + -1 x_3 + -1/2 x_5 + -1 x_6 + 1/2 x_9 + x_12 + -1/2 x_14 + -1/2 x_15 + 1/2 x_16 + -1/2 x_17 + -1/2 x_18 + 1/2 x_19 + 0 x_21 + 1/2 x_22 + 1/2 x_23 + -1/2 x_24
x_8 =  0 + 2/3 x_1 + x_2 + x_3 + -1/3 x_5 + 0 x_6 + -1/3 x_9 + -1 x_12 + 1/3 x_14 + 1/3 x_15 + -2/3 x_16 + 2/3 x_17 + -1/3 x_18 + -1/3 x_19 + 0 x_21 + -1/3 x_22 + -1/3 x_23 + 2/3 x_24
x_10 =  1 + -1/6 x_1 + -1 x_2 + 0 x_3 + -1/6 x_5 + -1 x_6 + -1/6 x_9 + 0 x_12 + -5/6 x_14 + 1/6 x_15 + 1/6 x_16 + -1/6 x_17 + -1/6 x_18 + -1/6 x_19 + 0 x_21 + 5/6 x_22 + -1/6 x_23 + -1/6 x_24
x_11 =  0 + 1/3 x_1 + x_2 + 0 x_3 + 1/3 x_5 + x_6 + -2/3 x_9 + -1 x_12 + 2/3 x_14 + -1/3 x_15 + -1/3 x_16 + 1/3 x_17 + 1/3 x_18 + -2/3 x_19 + 0 x_21 + -2/3 x_22 + 1/3 x_23 + 1/3 x_24
x_13 =  1 + -7/6 x_1 + 0 x_2 + 0 x_3 + -7/6 x_5 + 0 x_6 + -7/6 x_9 + 0 x_12 + 1/6 x_14 + 1/6 x_15 + 1/6 x_16 + -1/6 x_17 + -1/6 x_18 + -1/6 x_19 + x_21 + -1/6 x_22 + -1/6 x_23 + -1/6 x_24
x_20 =  0 + 4/3 x_1 + 0 x_2 + 0 x_3 + 4/3 x_5 + 0 x_6 + 4/3 x_9 + 0 x_12 + -4/3 x_14 + -4/3 x_15 + -4/3 x_16 + 1/3 x_17 + 1/3 x_18 + 1/3 x_19 + -1 x_21 + 1/3 x_22 + 1/3 x_23 + 1/3 x_24
x_25 =  0 + 1/6 x_1 + 0 x_2 + 0 x_3 + 1/6 x_5 + 0 x_6 + 1/6 x_9 + 0 x_12 + -1/6 x_14 + -1/6 x_15 + -1/6 x_16 + 1/6 x_17 + 1/6 x_18 + 1/6 x_19 + 0 x_21 + 1/6 x_22 + 1/6 x_23 + 1/6 x_24
-------------------------------------------------------------------------------------------------------------------------------------------------------
z =  0 + -1/6 x_1 + 0 x_2 + 0 x_3 + -1/6 x_5 + 0 x_6 + -1/6 x_9 + 0 x_12 + 1/6 x_14 + 1/6 x_15 + 1/6 x_16 + -1/6 x_17 + -1/6 x_18 + -1/6 x_19 + 0 x_21 + -1/6 x_22 + -1/6 x_23 + -1/6 x_24


Variable entrante : x_14
Variable sortante : x_20

x_4 =  1 + -1 x_1 + -1 x_2 + -1 x_3 + 0 x_5 + 0 x_6 + 0 x_9 + 0 x_12 + 0 x_15 + 0 x_16 + -7/8 x_17 + 1/8 x_18 + 1/8 x_19 + 1/8 x_20 + 1/8 x_21 + 1/8 x_22 + 1/8 x_23 + 1/8 x_24
x_7 =  1 + -1 x_1 + -1 x_2 + -1 x_3 + -1 x_5 + -1 x_6 + 0 x_9 + x_12 + 0 x_15 + x_16 + -5/8 x_17 + -5/8 x_18 + 3/8 x_19 + 3/8 x_20 + 3/8 x_21 + 3/8 x_22 + 3/8 x_23 + -5/8 x_24
x_8 =  0 + x_1 + x_2 + x_3 + 0 x_5 + 0 x_6 + 0 x_9 + -1 x_12 + 0 x_15 + -1 x_16 + 3/4 x_17 + -1/4 x_18 + -1/4 x_19 + -1/4 x_20 + -1/4 x_21 + -1/4 x_22 + -1/4 x_23 + 3/4 x_24
x_10 =  1 + -1 x_1 + -1 x_2 + 0 x_3 + -1 x_5 + -1 x_6 + -1 x_9 + 0 x_12 + x_15 + x_16 + -3/8 x_17 + -3/8 x_18 + -3/8 x_19 + 5/8 x_20 + 5/8 x_21 + 5/8 x_22 + -3/8 x_23 + -3/8 x_24
x_11 =  0 + x_1 + x_2 + 0 x_3 + x_5 + x_6 + 0 x_9 + -1 x_12 + -1 x_15 + -1 x_16 + 1/2 x_17 + 1/2 x_18 + -1/2 x_19 + -1/2 x_20 + -1/2 x_21 + -1/2 x_22 + 1/2 x_23 + 1/2 x_24
x_13 =  1 + -1 x_1 + 0 x_2 + 0 x_3 + -1 x_5 + 0 x_6 + -1 x_9 + 0 x_12 + 0 x_15 + 0 x_16 + -1/8 x_17 + -1/8 x_18 + -1/8 x_19 + -1/8 x_20 + 7/8 x_21 + -1/8 x_22 + -1/8 x_23 + -1/8 x_24
x_14 =  0 + x_1 + 0 x_2 + 0 x_3 + x_5 + 0 x_6 + x_9 + 0 x_12 + -1 x_15 + -1 x_16 + 1/4 x_17 + 1/4 x_18 + 1/4 x_19 + -3/4 x_20 + -3/4 x_21 + 1/4 x_22 + 1/4 x_23 + 1/4 x_24
x_25 =  0 + 0 x_1 + 0 x_2 + 0 x_3 + 0 x_5 + 0 x_6 + 0 x_9 + 0 x_12 + 0 x_15 + 0 x_16 + 1/8 x_17 + 1/8 x_18 + 1/8 x_19 + 1/8 x_20 + 1/8 x_21 + 1/8 x_22 + 1/8 x_23 + 1/8 x_24
-------------------------------------------------------------------------------------------------------------------------------------------------------
z =  0 + 0 x_1 + 0 x_2 + 0 x_3 + 0 x_5 + 0 x_6 + 0 x_9 + 0 x_12 + 0 x_15 + 0 x_16 + -1/8 x_17 + -1/8 x_18 + -1/8 x_19 + -1/8 x_20 + -1/8 x_21 + -1/8 x_22 + -1/8 x_23 + -1/8 x_24


*****Deuxieme phase*****

Le dictionnaire initial est 
x_4 =  1 + -1 x_1 + -1 x_2 + -1 x_3 + 0 x_5 + 0 x_6 + 0 x_9 + 0 x_12 + 0 x_15 + 0 x_16 + x_18 + x_19 + x_20 + x_21 + x_22 + x_23 + x_24
x_7 =  1 + -1 x_1 + -1 x_2 + -1 x_3 + -1 x_5 + -1 x_6 + 0 x_9 + x_12 + 0 x_15 + x_16 + 0 x_18 + x_19 + x_20 + x_21 + x_22 + x_23 + 0 x_24
x_8 =  0 + x_1 + x_2 + x_3 + 0 x_5 + 0 x_6 + 0 x_9 + -1 x_12 + 0 x_15 + -1 x_16 + -1 x_18 + -1 x_19 + -1 x_20 + -1 x_21 + -1 x_22 + -1 x_23 + 0 x_24
x_10 =  1 + -1 x_1 + -1 x_2 + 0 x_3 + -1 x_5 + -1 x_6 + -1 x_9 + 0 x_12 + x_15 + x_16 + 0 x_18 + 0 x_19 + x_20 + x_21 + x_22 + 0 x_23 + 0 x_24
x_11 =  0 + x_1 + x_2 + 0 x_3 + x_5 + x_6 + 0 x_9 + -1 x_12 + -1 x_15 + -1 x_16 + 0 x_18 + -1 x_19 + -1 x_20 + -1 x_21 + -1 x_22 + 0 x_23 + 0 x_24
x_13 =  1 + -1 x_1 + 0 x_2 + 0 x_3 + -1 x_5 + 0 x_6 + -1 x_9 + 0 x_12 + 0 x_15 + 0 x_16 + 0 x_18 + 0 x_19 + 0 x_20 + x_21 + 0 x_22 + 0 x_23 + 0 x_24
x_14 =  0 + x_1 + 0 x_2 + 0 x_3 + x_5 + 0 x_6 + x_9 + 0 x_12 + -1 x_15 + -1 x_16 + 0 x_18 + 0 x_19 + -1 x_20 + -1 x_21 + 0 x_22 + 0 x_23 + 0 x_24
x_17 =  0 + 0 x_1 + 0 x_2 + 0 x_3 + 0 x_5 + 0 x_6 + 0 x_9 + 0 x_12 + 0 x_15 + 0 x_16 + -1 x_18 + -1 x_19 + -1 x_20 + -1 x_21 + -1 x_22 + -1 x_23 + -1 x_24
-------------------------------------------------------------------------------------------------------------------------------------------------
z =  19 + x_1 + -1 x_2 + x_3 + -1 x_5 + 0 x_6 + -1 x_9 + 0 x_12 + 0 x_15 + 0 x_16 + -1 x_18 + -2 x_19 + 0 x_20 + 4 x_21 + 4 x_22 + 3 x_23 + 5 x_24


Variable entrante : x_1
Variable sortante : x_4

x_1 =  1 + -1 x_2 + -1 x_3 + -1 x_4 + 0 x_5 + 0 x_6 + 0 x_9 + 0 x_12 + 0 x_15 + 0 x_16 + x_18 + x_19 + x_20 + x_21 + x_22 + x_23 + x_24
x_7 =  0 + 0 x_2 + 0 x_3 + x_4 + -1 x_5 + -1 x_6 + 0 x_9 + x_12 + 0 x_15 + x_16 + -1 x_18 + 0 x_19 + 0 x_20 + 0 x_21 + 0 x_22 + 0 x_23 + -1 x_24
x_8 =  1 + 0 x_2 + 0 x_3 + -1 x_4 + 0 x_5 + 0 x_6 + 0 x_9 + -1 x_12 + 0 x_15 + -1 x_16 + 0 x_18 + 0 x_19 + 0 x_20 + 0 x_21 + 0 x_22 + 0 x_23 + x_24
x_10 =  0 + 0 x_2 + x_3 + x_4 + -1 x_5 + -1 x_6 + -1 x_9 + 0 x_12 + x_15 + x_16 + -1 x_18 + -1 x_19 + 0 x_20 + 0 x_21 + 0 x_22 + -1 x_23 + -1 x_24
x_11 =  1 + 0 x_2 + -1 x_3 + -1 x_4 + x_5 + x_6 + 0 x_9 + -1 x_12 + -1 x_15 + -1 x_16 + x_18 + 0 x_19 + 0 x_20 + 0 x_21 + 0 x_22 + x_23 + x_24
x_13 =  0 + x_2 + x_3 + x_4 + -1 x_5 + 0 x_6 + -1 x_9 + 0 x_12 + 0 x_15 + 0 x_16 + -1 x_18 + -1 x_19 + -1 x_20 + 0 x_21 + -1 x_22 + -1 x_23 + -1 x_24
x_14 =  1 + -1 x_2 + -1 x_3 + -1 x_4 + x_5 + 0 x_6 + x_9 + 0 x_12 + -1 x_15 + -1 x_16 + x_18 + x_19 + 0 x_20 + 0 x_21 + x_22 + x_23 + x_24
x_17 =  0 + 0 x_2 + 0 x_3 + 0 x_4 + 0 x_5 + 0 x_6 + 0 x_9 + 0 x_12 + 0 x_15 + 0 x_16 + -1 x_18 + -1 x_19 + -1 x_20 + -1 x_21 + -1 x_22 + -1 x_23 + -1 x_24
-------------------------------------------------------------------------------------------------------------------------------------------------
z =  20 + -2 x_2 + 0 x_3 + -1 x_4 + -1 x_5 + 0 x_6 + -1 x_9 + 0 x_12 + 0 x_15 + 0 x_16 + 0 x_18 + -1 x_19 + x_20 + 5 x_21 + 5 x_22 + 4 x_23 + 6 x_24


Variable entrante : x_20
Variable sortante : x_13

x_1 =  1 + 0 x_2 + 0 x_3 + 0 x_4 + -1 x_5 + 0 x_6 + -1 x_9 + 0 x_12 + -1 x_13 + 0 x_15 + 0 x_16 + 0 x_18 + 0 x_19 + x_21 + 0 x_22 + 0 x_23 + 0 x_24
x_7 =  0 + 0 x_2 + 0 x_3 + x_4 + -1 x_5 + -1 x_6 + 0 x_9 + x_12 + 0 x_13 + 0 x_15 + x_16 + -1 x_18 + 0 x_19 + 0 x_21 + 0 x_22 + 0 x_23 + -1 x_24
x_8 =  1 + 0 x_2 + 0 x_3 + -1 x_4 + 0 x_5 + 0 x_6 + 0 x_9 + -1 x_12 + 0 x_13 + 0 x_15 + -1 x_16 + 0 x_18 + 0 x_19 + 0 x_21 + 0 x_22 + 0 x_23 + x_24
x_10 =  0 + 0 x_2 + x_3 + x_4 + -1 x_5 + -1 x_6 + -1 x_9 + 0 x_12 + 0 x_13 + x_15 + x_16 + -1 x_18 + -1 x_19 + 0 x_21 + 0 x_22 + -1 x_23 + -1 x_24
x_11 =  1 + 0 x_2 + -1 x_3 + -1 x_4 + x_5 + x_6 + 0 x_9 + -1 x_12 + 0 x_13 + -1 x_15 + -1 x_16 + x_18 + 0 x_19 + 0 x_21 + 0 x_22 + x_23 + x_24
x_14 =  1 + -1 x_2 + -1 x_3 + -1 x_4 + x_5 + 0 x_6 + x_9 + 0 x_12 + 0 x_13 + -1 x_15 + -1 x_16 + x_18 + x_19 + 0 x_21 + x_22 + x_23 + x_24
x_17 =  0 + -1 x_2 + -1 x_3 + -1 x_4 + x_5 + 0 x_6 + x_9 + 0 x_12 + x_13 + 0 x_15 + 0 x_16 + 0 x_18 + 0 x_19 + -1 x_21 + 0 x_22 + 0 x_23 + 0 x_24
x_20 =  0 + x_2 + x_3 + x_4 + -1 x_5 + 0 x_6 + -1 x_9 + 0 x_12 + -1 x_13 + 0 x_15 + 0 x_16 + -1 x_18 + -1 x_19 + 0 x_21 + -1 x_22 + -1 x_23 + -1 x_24
-------------------------------------------------------------------------------------------------------------------------------------------------
z =  20 + -1 x_2 + x_3 + 0 x_4 + -2 x_5 + 0 x_6 + -2 x_9 + 0 x_12 + -1 x_13 + 0 x_15 + 0 x_16 + -1 x_18 + -2 x_19 + 5 x_21 + 4 x_22 + 3 x_23 + 5 x_24


Variable entrante : x_3
Variable sortante : x_17

x_1 =  1 + 0 x_2 + 0 x_4 + -1 x_5 + 0 x_6 + -1 x_9 + 0 x_12 + -1 x_13 + 0 x_15 + 0 x_16 + 0 x_17 + 0 x_18 + 0 x_19 + x_21 + 0 x_22 + 0 x_23 + 0 x_24
x_3 =  0 + -1 x_2 + -1 x_4 + x_5 + 0 x_6 + x_9 + 0 x_12 + x_13 + 0 x_15 + 0 x_16 + -1 x_17 + 0 x_18 + 0 x_19 + -1 x_21 + 0 x_22 + 0 x_23 + 0 x_24
x_7 =  0 + 0 x_2 + x_4 + -1 x_5 + -1 x_6 + 0 x_9 + x_12 + 0 x_13 + 0 x_15 + x_16 + 0 x_17 + -1 x_18 + 0 x_19 + 0 x_21 + 0 x_22 + 0 x_23 + -1 x_24
x_8 =  1 + 0 x_2 + -1 x_4 + 0 x_5 + 0 x_6 + 0 x_9 + -1 x_12 + 0 x_13 + 0 x_15 + -1 x_16 + 0 x_17 + 0 x_18 + 0 x_19 + 0 x_21 + 0 x_22 + 0 x_23 + x_24
x_10 =  0 + -1 x_2 + 0 x_4 + 0 x_5 + -1 x_6 + 0 x_9 + 0 x_12 + x_13 + x_15 + x_16 + -1 x_17 + -1 x_18 + -1 x_19 + -1 x_21 + 0 x_22 + -1 x_23 + -1 x_24
x_11 =  1 + x_2 + 0 x_4 + 0 x_5 + x_6 + -1 x_9 + -1 x_12 + -1 x_13 + -1 x_15 + -1 x_16 + x_17 + x_18 + 0 x_19 + x_21 + 0 x_22 + x_23 + x_24
x_14 =  1 + 0 x_2 + 0 x_4 + 0 x_5 + 0 x_6 + 0 x_9 + 0 x_12 + -1 x_13 + -1 x_15 + -1 x_16 + x_17 + x_18 + x_19 + x_21 + x_22 + x_23 + x_24
x_20 =  0 + 0 x_2 + 0 x_4 + 0 x_5 + 0 x_6 + 0 x_9 + 0 x_12 + 0 x_13 + 0 x_15 + 0 x_16 + -1 x_17 + -1 x_18 + -1 x_19 + -1 x_21 + -1 x_22 + -1 x_23 + -1 x_24
-------------------------------------------------------------------------------------------------------------------------------------------------
z =  20 + -2 x_2 + -1 x_4 + -1 x_5 + 0 x_6 + -1 x_9 + 0 x_12 + 0 x_13 + 0 x_15 + 0 x_16 + -1 x_17 + -1 x_18 + -2 x_19 + 4 x_21 + 4 x_22 + 3 x_23 + 5 x_24


Variable entrante : x_21
Variable sortante : x_3

x_1 =  1 + -1 x_2 + -1 x_3 + -1 x_4 + 0 x_5 + 0 x_6 + 0 x_9 + 0 x_12 + 0 x_13 + 0 x_15 + 0 x_16 + -1 x_17 + 0 x_18 + 0 x_19 + 0 x_22 + 0 x_23 + 0 x_24
x_7 =  0 + 0 x_2 + 0 x_3 + x_4 + -1 x_5 + -1 x_6 + 0 x_9 + x_12 + 0 x_13 + 0 x_15 + x_16 + 0 x_17 + -1 x_18 + 0 x_19 + 0 x_22 + 0 x_23 + -1 x_24
x_8 =  1 + 0 x_2 + 0 x_3 + -1 x_4 + 0 x_5 + 0 x_6 + 0 x_9 + -1 x_12 + 0 x_13 + 0 x_15 + -1 x_16 + 0 x_17 + 0 x_18 + 0 x_19 + 0 x_22 + 0 x_23 + x_24
x_10 =  0 + 0 x_2 + x_3 + x_4 + -1 x_5 + -1 x_6 + -1 x_9 + 0 x_12 + 0 x_13 + x_15 + x_16 + 0 x_17 + -1 x_18 + -1 x_19 + 0 x_22 + -1 x_23 + -1 x_24
x_11 =  1 + 0 x_2 + -1 x_3 + -1 x_4 + x_5 + x_6 + 0 x_9 + -1 x_12 + 0 x_13 + -1 x_15 + -1 x_16 + 0 x_17 + x_18 + 0 x_19 + 0 x_22 + x_23 + x_24
x_14 =  1 + -1 x_2 + -1 x_3 + -1 x_4 + x_5 + 0 x_6 + x_9 + 0 x_12 + 0 x_13 + -1 x_15 + -1 x_16 + 0 x_17 + x_18 + x_19 + x_22 + x_23 + x_24
x_20 =  0 + x_2 + x_3 + x_4 + -1 x_5 + 0 x_6 + -1 x_9 + 0 x_12 + -1 x_13 + 0 x_15 + 0 x_16 + 0 x_17 + -1 x_18 + -1 x_19 + -1 x_22 + -1 x_23 + -1 x_24
x_21 =  0 + -1 x_2 + -1 x_3 + -1 x_4 + x_5 + 0 x_6 + x_9 + 0 x_12 + x_13 + 0 x_15 + 0 x_16 + -1 x_17 + 0 x_18 + 0 x_19 + 0 x_22 + 0 x_23 + 0 x_24
-------------------------------------------------------------------------------------------------------------------------------------------------
z =  20 + -6 x_2 + -4 x_3 + -5 x_4 + 3 x_5 + 0 x_6 + 3 x_9 + 0 x_12 + 4 x_13 + 0 x_15 + 0 x_16 + -5 x_17 + -1 x_18 + -2 x_19 + 4 x_22 + 3 x_23 + 5 x_24


Variable entrante : x_5
Variable sortante : x_7

x_1 =  1 + -1 x_2 + -1 x_3 + -1 x_4 + 0 x_6 + 0 x_7 + 0 x_9 + 0 x_12 + 0 x_13 + 0 x_15 + 0 x_16 + -1 x_17 + 0 x_18 + 0 x_19 + 0 x_22 + 0 x_23 + 0 x_24
x_5 =  0 + 0 x_2 + 0 x_3 + x_4 + -1 x_6 + -1 x_7 + 0 x_9 + x_12 + 0 x_13 + 0 x_15 + x_16 + 0 x_17 + -1 x_18 + 0 x_19 + 0 x_22 + 0 x_23 + -1 x_24
x_8 =  1 + 0 x_2 + 0 x_3 + -1 x_4 + 0 x_6 + 0 x_7 + 0 x_9 + -1 x_12 + 0 x_13 + 0 x_15 + -1 x_16 + 0 x_17 + 0 x_18 + 0 x_19 + 0 x_22 + 0 x_23 + x_24
x_10 =  0 + 0 x_2 + x_3 + 0 x_4 + 0 x_6 + x_7 + -1 x_9 + -1 x_12 + 0 x_13 + x_15 + 0 x_16 + 0 x_17 + 0 x_18 + -1 x_19 + 0 x_22 + -1 x_23 + 0 x_24
x_11 =  1 + 0 x_2 + -1 x_3 + 0 x_4 + 0 x_6 + -1 x_7 + 0 x_9 + 0 x_12 + 0 x_13 + -1 x_15 + 0 x_16 + 0 x_17 + 0 x_18 + 0 x_19 + 0 x_22 + x_23 + 0 x_24
x_14 =  1 + -1 x_2 + -1 x_3 + 0 x_4 + -1 x_6 + -1 x_7 + x_9 + x_12 + 0 x_13 + -1 x_15 + 0 x_16 + 0 x_17 + 0 x_18 + x_19 + x_22 + x_23 + 0 x_24
x_20 =  0 + x_2 + x_3 + 0 x_4 + x_6 + x_7 + -1 x_9 + -1 x_12 + -1 x_13 + 0 x_15 + -1 x_16 + 0 x_17 + 0 x_18 + -1 x_19 + -1 x_22 + -1 x_23 + 0 x_24
x_21 =  0 + -1 x_2 + -1 x_3 + 0 x_4 + -1 x_6 + -1 x_7 + x_9 + x_12 + x_13 + 0 x_15 + x_16 + -1 x_17 + -1 x_18 + 0 x_19 + 0 x_22 + 0 x_23 + -1 x_24
-------------------------------------------------------------------------------------------------------------------------------------------------
z =  20 + -6 x_2 + -4 x_3 + -2 x_4 + -3 x_6 + -3 x_7 + 3 x_9 + 3 x_12 + 4 x_13 + 0 x_15 + 3 x_16 + -5 x_17 + -4 x_18 + -2 x_19 + 4 x_22 + 3 x_23 + 2 x_24


Variable entrante : x_9
Variable sortante : x_10

x_1 =  1 + -1 x_2 + -1 x_3 + -1 x_4 + 0 x_6 + 0 x_7 + 0 x_10 + 0 x_12 + 0 x_13 + 0 x_15 + 0 x_16 + -1 x_17 + 0 x_18 + 0 x_19 + 0 x_22 + 0 x_23 + 0 x_24
x_5 =  0 + 0 x_2 + 0 x_3 + x_4 + -1 x_6 + -1 x_7 + 0 x_10 + x_12 + 0 x_13 + 0 x_15 + x_16 + 0 x_17 + -1 x_18 + 0 x_19 + 0 x_22 + 0 x_23 + -1 x_24
x_8 =  1 + 0 x_2 + 0 x_3 + -1 x_4 + 0 x_6 + 0 x_7 + 0 x_10 + -1 x_12 + 0 x_13 + 0 x_15 + -1 x_16 + 0 x_17 + 0 x_18 + 0 x_19 + 0 x_22 + 0 x_23 + x_24
x_9 =  0 + 0 x_2 + x_3 + 0 x_4 + 0 x_6 + x_7 + -1 x_10 + -1 x_12 + 0 x_13 + x_15 + 0 x_16 + 0 x_17 + 0 x_18 + -1 x_19 + 0 x_22 + -1 x_23 + 0 x_24
x_11 =  1 + 0 x_2 + -1 x_3 + 0 x_4 + 0 x_6 + -1 x_7 + 0 x_10 + 0 x_12 + 0 x_13 + -1 x_15 + 0 x_16 + 0 x_17 + 0 x_18 + 0 x_19 + 0 x_22 + x_23 + 0 x_24
x_14 =  1 + -1 x_2 + 0 x_3 + 0 x_4 + -1 x_6 + 0 x_7 + -1 x_10 + 0 x_12 + 0 x_13 + 0 x_15 + 0 x_16 + 0 x_17 + 0 x_18 + 0 x_19 + x_22 + 0 x_23 + 0 x_24
x_20 =  0 + x_2 + 0 x_3 + 0 x_4 + x_6 + 0 x_7 + x_10 + 0 x_12 + -1 x_13 + -1 x_15 + -1 x_16 + 0 x_17 + 0 x_18 + 0 x_19 + -1 x_22 + 0 x_23 + 0 x_24
x_21 =  0 + -1 x_2 + 0 x_3 + 0 x_4 + -1 x_6 + 0 x_7 + -1 x_10 + 0 x_12 + x_13 + x_15 + x_16 + -1 x_17 + -1 x_18 + -1 x_19 + 0 x_22 + -1 x_23 + -1 x_24
-------------------------------------------------------------------------------------------------------------------------------------------------
z =  20 + -6 x_2 + -1 x_3 + -2 x_4 + -3 x_6 + 0 x_7 + -3 x_10 + 0 x_12 + 4 x_13 + 3 x_15 + 3 x_16 + -5 x_17 + -4 x_18 + -5 x_19 + 4 x_22 + 0 x_23 + 2 x_24


Variable entrante : x_13
Variable sortante : x_20

x_1 =  1 + -1 x_2 + -1 x_3 + -1 x_4 + 0 x_6 + 0 x_7 + 0 x_10 + 0 x_12 + 0 x_15 + 0 x_16 + -1 x_17 + 0 x_18 + 0 x_19 + 0 x_20 + 0 x_22 + 0 x_23 + 0 x_24
x_5 =  0 + 0 x_2 + 0 x_3 + x_4 + -1 x_6 + -1 x_7 + 0 x_10 + x_12 + 0 x_15 + x_16 + 0 x_17 + -1 x_18 + 0 x_19 + 0 x_20 + 0 x_22 + 0 x_23 + -1 x_24
x_8 =  1 + 0 x_2 + 0 x_3 + -1 x_4 + 0 x_6 + 0 x_7 + 0 x_10 + -1 x_12 + 0 x_15 + -1 x_16 + 0 x_17 + 0 x_18 + 0 x_19 + 0 x_20 + 0 x_22 + 0 x_23 + x_24
x_9 =  0 + 0 x_2 + x_3 + 0 x_4 + 0 x_6 + x_7 + -1 x_10 + -1 x_12 + x_15 + 0 x_16 + 0 x_17 + 0 x_18 + -1 x_19 + 0 x_20 + 0 x_22 + -1 x_23 + 0 x_24
x_11 =  1 + 0 x_2 + -1 x_3 + 0 x_4 + 0 x_6 + -1 x_7 + 0 x_10 + 0 x_12 + -1 x_15 + 0 x_16 + 0 x_17 + 0 x_18 + 0 x_19 + 0 x_20 + 0 x_22 + x_23 + 0 x_24
x_13 =  0 + x_2 + 0 x_3 + 0 x_4 + x_6 + 0 x_7 + x_10 + 0 x_12 + -1 x_15 + -1 x_16 + 0 x_17 + 0 x_18 + 0 x_19 + -1 x_20 + -1 x_22 + 0 x_23 + 0 x_24
x_14 =  1 + -1 x_2 + 0 x_3 + 0 x_4 + -1 x_6 + 0 x_7 + -1 x_10 + 0 x_12 + 0 x_15 + 0 x_16 + 0 x_17 + 0 x_18 + 0 x_19 + 0 x_20 + x_22 + 0 x_23 + 0 x_24
x_21 =  0 + 0 x_2 + 0 x_3 + 0 x_4 + 0 x_6 + 0 x_7 + 0 x_10 + 0 x_12 + 0 x_15 + 0 x_16 + -1 x_17 + -1 x_18 + -1 x_19 + -1 x_20 + -1 x_22 + -1 x_23 + -1 x_24
-------------------------------------------------------------------------------------------------------------------------------------------------
z =  20 + -2 x_2 + -1 x_3 + -2 x_4 + x_6 + 0 x_7 + x_10 + 0 x_12 + -1 x_15 + -1 x_16 + -5 x_17 + -4 x_18 + -5 x_19 + -4 x_20 + 0 x_22 + 0 x_23 + 2 x_24


Variable entrante : x_6
Variable sortante : x_5

x_1 =  1 + -1 x_2 + -1 x_3 + -1 x_4 + 0 x_5 + 0 x_7 + 0 x_10 + 0 x_12 + 0 x_15 + 0 x_16 + -1 x_17 + 0 x_18 + 0 x_19 + 0 x_20 + 0 x_22 + 0 x_23 + 0 x_24
x_6 =  0 + 0 x_2 + 0 x_3 + x_4 + -1 x_5 + -1 x_7 + 0 x_10 + x_12 + 0 x_15 + x_16 + 0 x_17 + -1 x_18 + 0 x_19 + 0 x_20 + 0 x_22 + 0 x_23 + -1 x_24
x_8 =  1 + 0 x_2 + 0 x_3 + -1 x_4 + 0 x_5 + 0 x_7 + 0 x_10 + -1 x_12 + 0 x_15 + -1 x_16 + 0 x_17 + 0 x_18 + 0 x_19 + 0 x_20 + 0 x_22 + 0 x_23 + x_24
x_9 =  0 + 0 x_2 + x_3 + 0 x_4 + 0 x_5 + x_7 + -1 x_10 + -1 x_12 + x_15 + 0 x_16 + 0 x_17 + 0 x_18 + -1 x_19 + 0 x_20 + 0 x_22 + -1 x_23 + 0 x_24
x_11 =  1 + 0 x_2 + -1 x_3 + 0 x_4 + 0 x_5 + -1 x_7 + 0 x_10 + 0 x_12 + -1 x_15 + 0 x_16 + 0 x_17 + 0 x_18 + 0 x_19 + 0 x_20 + 0 x_22 + x_23 + 0 x_24
x_13 =  0 + x_2 + 0 x_3 + x_4 + -1 x_5 + -1 x_7 + x_10 + x_12 + -1 x_15 + 0 x_16 + 0 x_17 + -1 x_18 + 0 x_19 + -1 x_20 + -1 x_22 + 0 x_23 + -1 x_24
x_14 =  1 + -1 x_2 + 0 x_3 + -1 x_4 + x_5 + x_7 + -1 x_10 + -1 x_12 + 0 x_15 + -1 x_16 + 0 x_17 + x_18 + 0 x_19 + 0 x_20 + x_22 + 0 x_23 + x_24
x_21 =  0 + 0 x_2 + 0 x_3 + 0 x_4 + 0 x_5 + 0 x_7 + 0 x_10 + 0 x_12 + 0 x_15 + 0 x_16 + -1 x_17 + -1 x_18 + -1 x_19 + -1 x_20 + -1 x_22 + -1 x_23 + -1 x_24
-------------------------------------------------------------------------------------------------------------------------------------------------
z =  20 + -2 x_2 + -1 x_3 + -1 x_4 + -1 x_5 + -1 x_7 + x_10 + x_12 + -1 x_15 + 0 x_16 + -5 x_17 + -5 x_18 + -5 x_19 + -4 x_20 + 0 x_22 + 0 x_23 + x_24


Variable entrante : x_10
Variable sortante : x_9

x_1 =  1 + -1 x_2 + -1 x_3 + -1 x_4 + 0 x_5 + 0 x_7 + 0 x_9 + 0 x_12 + 0 x_15 + 0 x_16 + -1 x_17 + 0 x_18 + 0 x_19 + 0 x_20 + 0 x_22 + 0 x_23 + 0 x_24
x_6 =  0 + 0 x_2 + 0 x_3 + x_4 + -1 x_5 + -1 x_7 + 0 x_9 + x_12 + 0 x_15 + x_16 + 0 x_17 + -1 x_18 + 0 x_19 + 0 x_20 + 0 x_22 + 0 x_23 + -1 x_24
x_8 =  1 + 0 x_2 + 0 x_3 + -1 x_4 + 0 x_5 + 0 x_7 + 0 x_9 + -1 x_12 + 0 x_15 + -1 x_16 + 0 x_17 + 0 x_18 + 0 x_19 + 0 x_20 + 0 x_22 + 0 x_23 + x_24
x_10 =  0 + 0 x_2 + x_3 + 0 x_4 + 0 x_5 + x_7 + -1 x_9 + -1 x_12 + x_15 + 0 x_16 + 0 x_17 + 0 x_18 + -1 x_19 + 0 x_20 + 0 x_22 + -1 x_23 + 0 x_24
x_11 =  1 + 0 x_2 + -1 x_3 + 0 x_4 + 0 x_5 + -1 x_7 + 0 x_9 + 0 x_12 + -1 x_15 + 0 x_16 + 0 x_17 + 0 x_18 + 0 x_19 + 0 x_20 + 0 x_22 + x_23 + 0 x_24
x_13 =  0 + x_2 + x_3 + x_4 + -1 x_5 + 0 x_7 + -1 x_9 + 0 x_12 + 0 x_15 + 0 x_16 + 0 x_17 + -1 x_18 + -1 x_19 + -1 x_20 + -1 x_22 + -1 x_23 + -1 x_24
x_14 =  1 + -1 x_2 + -1 x_3 + -1 x_4 + x_5 + 0 x_7 + x_9 + 0 x_12 + -1 x_15 + -1 x_16 + 0 x_17 + x_18 + x_19 + 0 x_20 + x_22 + x_23 + x_24
x_21 =  0 + 0 x_2 + 0 x_3 + 0 x_4 + 0 x_5 + 0 x_7 + 0 x_9 + 0 x_12 + 0 x_15 + 0 x_16 + -1 x_17 + -1 x_18 + -1 x_19 + -1 x_20 + -1 x_22 + -1 x_23 + -1 x_24
-------------------------------------------------------------------------------------------------------------------------------------------------
z =  20 + -2 x_2 + 0 x_3 + -1 x_4 + -1 x_5 + 0 x_7 + -1 x_9 + 0 x_12 + 0 x_15 + 0 x_16 + -5 x_17 + -5 x_18 + -6 x_19 + -4 x_20 + 0 x_22 + -1 x_23 + x_24


Variable entrante : x_24
Variable sortante : x_6

x_1 =  1 + -1 x_2 + -1 x_3 + -1 x_4 + 0 x_5 + 0 x_6 + 0 x_7 + 0 x_9 + 0 x_12 + 0 x_15 + 0 x_16 + -1 x_17 + 0 x_18 + 0 x_19 + 0 x_20 + 0 x_22 + 0 x_23
x_8 =  1 + 0 x_2 + 0 x_3 + 0 x_4 + -1 x_5 + -1 x_6 + -1 x_7 + 0 x_9 + 0 x_12 + 0 x_15 + 0 x_16 + 0 x_17 + -1 x_18 + 0 x_19 + 0 x_20 + 0 x_22 + 0 x_23
x_10 =  0 + 0 x_2 + x_3 + 0 x_4 + 0 x_5 + 0 x_6 + x_7 + -1 x_9 + -1 x_12 + x_15 + 0 x_16 + 0 x_17 + 0 x_18 + -1 x_19 + 0 x_20 + 0 x_22 + -1 x_23
x_11 =  1 + 0 x_2 + -1 x_3 + 0 x_4 + 0 x_5 + 0 x_6 + -1 x_7 + 0 x_9 + 0 x_12 + -1 x_15 + 0 x_16 + 0 x_17 + 0 x_18 + 0 x_19 + 0 x_20 + 0 x_22 + x_23
x_13 =  0 + x_2 + x_3 + 0 x_4 + 0 x_5 + x_6 + x_7 + -1 x_9 + -1 x_12 + 0 x_15 + -1 x_16 + 0 x_17 + 0 x_18 + -1 x_19 + -1 x_20 + -1 x_22 + -1 x_23
x_14 =  1 + -1 x_2 + -1 x_3 + 0 x_4 + 0 x_5 + -1 x_6 + -1 x_7 + x_9 + x_12 + -1 x_15 + 0 x_16 + 0 x_17 + 0 x_18 + x_19 + 0 x_20 + x_22 + x_23
x_21 =  0 + 0 x_2 + 0 x_3 + -1 x_4 + x_5 + x_6 + x_7 + 0 x_9 + -1 x_12 + 0 x_15 + -1 x_16 + -1 x_17 + 0 x_18 + -1 x_19 + -1 x_20 + -1 x_22 + -1 x_23
x_24 =  0 + 0 x_2 + 0 x_3 + x_4 + -1 x_5 + -1 x_6 + -1 x_7 + 0 x_9 + x_12 + 0 x_15 + x_16 + 0 x_17 + -1 x_18 + 0 x_19 + 0 x_20 + 0 x_22 + 0 x_23
-------------------------------------------------------------------------------------------------------------------------------------------------
z =  20 + -2 x_2 + 0 x_3 + 0 x_4 + -2 x_5 + -1 x_6 + -1 x_7 + -1 x_9 + x_12 + 0 x_15 + x_16 + -5 x_17 + -6 x_18 + -6 x_19 + -4 x_20 + 0 x_22 + -1 x_23


Variable entrante : x_12
Variable sortante : x_10

x_1 =  1 + -1 x_2 + -1 x_3 + -1 x_4 + 0 x_5 + 0 x_6 + 0 x_7 + 0 x_9 + 0 x_10 + 0 x_15 + 0 x_16 + -1 x_17 + 0 x_18 + 0 x_19 + 0 x_20 + 0 x_22 + 0 x_23
x_8 =  1 + 0 x_2 + 0 x_3 + 0 x_4 + -1 x_5 + -1 x_6 + -1 x_7 + 0 x_9 + 0 x_10 + 0 x_15 + 0 x_16 + 0 x_17 + -1 x_18 + 0 x_19 + 0 x_20 + 0 x_22 + 0 x_23
x_11 =  1 + 0 x_2 + -1 x_3 + 0 x_4 + 0 x_5 + 0 x_6 + -1 x_7 + 0 x_9 + 0 x_10 + -1 x_15 + 0 x_16 + 0 x_17 + 0 x_18 + 0 x_19 + 0 x_20 + 0 x_22 + x_23
x_12 =  0 + 0 x_2 + x_3 + 0 x_4 + 0 x_5 + 0 x_6 + x_7 + -1 x_9 + -1 x_10 + x_15 + 0 x_16 + 0 x_17 + 0 x_18 + -1 x_19 + 0 x_20 + 0 x_22 + -1 x_23
x_13 =  0 + x_2 + 0 x_3 + 0 x_4 + 0 x_5 + x_6 + 0 x_7 + 0 x_9 + x_10 + -1 x_15 + -1 x_16 + 0 x_17 + 0 x_18 + 0 x_19 + -1 x_20 + -1 x_22 + 0 x_23
x_14 =  1 + -1 x_2 + 0 x_3 + 0 x_4 + 0 x_5 + -1 x_6 + 0 x_7 + 0 x_9 + -1 x_10 + 0 x_15 + 0 x_16 + 0 x_17 + 0 x_18 + 0 x_19 + 0 x_20 + x_22 + 0 x_23
x_21 =  0 + 0 x_2 + -1 x_3 + -1 x_4 + x_5 + x_6 + 0 x_7 + x_9 + x_10 + -1 x_15 + -1 x_16 + -1 x_17 + 0 x_18 + 0 x_19 + -1 x_20 + -1 x_22 + 0 x_23
x_24 =  0 + 0 x_2 + x_3 + x_4 + -1 x_5 + -1 x_6 + 0 x_7 + -1 x_9 + -1 x_10 + x_15 + x_16 + 0 x_17 + -1 x_18 + -1 x_19 + 0 x_20 + 0 x_22 + -1 x_23
-------------------------------------------------------------------------------------------------------------------------------------------------
z =  20 + -2 x_2 + x_3 + 0 x_4 + -2 x_5 + -1 x_6 + 0 x_7 + -2 x_9 + -1 x_10 + x_15 + x_16 + -5 x_17 + -6 x_18 + -7 x_19 + -4 x_20 + 0 x_22 + -2 x_23


Variable entrante : x_3
Variable sortante : x_21

x_1 =  1 + -1 x_2 + 0 x_4 + -1 x_5 + -1 x_6 + 0 x_7 + -1 x_9 + -1 x_10 + x_15 + x_16 + 0 x_17 + 0 x_18 + 0 x_19 + x_20 + x_21 + x_22 + 0 x_23
x_3 =  0 + 0 x_2 + -1 x_4 + x_5 + x_6 + 0 x_7 + x_9 + x_10 + -1 x_15 + -1 x_16 + -1 x_17 + 0 x_18 + 0 x_19 + -1 x_20 + -1 x_21 + -1 x_22 + 0 x_23
x_8 =  1 + 0 x_2 + 0 x_4 + -1 x_5 + -1 x_6 + -1 x_7 + 0 x_9 + 0 x_10 + 0 x_15 + 0 x_16 + 0 x_17 + -1 x_18 + 0 x_19 + 0 x_20 + 0 x_21 + 0 x_22 + 0 x_23
x_11 =  1 + 0 x_2 + x_4 + -1 x_5 + -1 x_6 + -1 x_7 + -1 x_9 + -1 x_10 + 0 x_15 + x_16 + x_17 + 0 x_18 + 0 x_19 + x_20 + x_21 + x_22 + x_23
x_12 =  0 + 0 x_2 + -1 x_4 + x_5 + x_6 + x_7 + 0 x_9 + 0 x_10 + 0 x_15 + -1 x_16 + -1 x_17 + 0 x_18 + -1 x_19 + -1 x_20 + -1 x_21 + -1 x_22 + -1 x_23
x_13 =  0 + x_2 + 0 x_4 + 0 x_5 + x_6 + 0 x_7 + 0 x_9 + x_10 + -1 x_15 + -1 x_16 + 0 x_17 + 0 x_18 + 0 x_19 + -1 x_20 + 0 x_21 + -1 x_22 + 0 x_23
x_14 =  1 + -1 x_2 + 0 x_4 + 0 x_5 + -1 x_6 + 0 x_7 + 0 x_9 + -1 x_10 + 0 x_15 + 0 x_16 + 0 x_17 + 0 x_18 + 0 x_19 + 0 x_20 + 0 x_21 + x_22 + 0 x_23
x_24 =  0 + 0 x_2 + 0 x_4 + 0 x_5 + 0 x_6 + 0 x_7 + 0 x_9 + 0 x_10 + 0 x_15 + 0 x_16 + -1 x_17 + -1 x_18 + -1 x_19 + -1 x_20 + -1 x_21 + -1 x_22 + -1 x_23
-------------------------------------------------------------------------------------------------------------------------------------------------
z =  20 + -2 x_2 + -1 x_4 + -1 x_5 + 0 x_6 + 0 x_7 + -1 x_9 + 0 x_10 + 0 x_15 + 0 x_16 + -6 x_17 + -6 x_18 + -7 x_19 + -5 x_20 + -1 x_21 + -1 x_22 + -2 x_23


Une solution optimale est : x_1 = 1, x_2 = 0, x_3 = 0, x_4 = 0, x_5 = 0, x_6 = 0, x_7 = 0, x_8 = 1, x_9 = 0, x_10 = 0, x_11 = 1, x_12 = 0, x_13 = 0, x_14 = 1, x_15 = 0, x_16 = 0
La valeur de cette solution est : 20
Nombre de pivots : 25
Le certificat d'optimalite est : 6 contrainte 1 + 6 contrainte 2 + 7 contrainte 3 + 5 contrainte 4 + 1 contrainte 5 + 1 contrainte 6 + 2 contrainte 7
Ce qui donne :  0 + 5 x_1 + 5 x_2 + 4 x_3 + 6 x_4 + 5 x_5 + 5 x_6 + 4 x_7 + 6 x_8 + 6 x_9 + 6 x_10 + 5 x_11 + 7 x_12 + 4 x_13 + 4 x_14 + 3 x_15 + 5 x_16 <= 20

Nb de sites de production : 4, nb de sites de distribution : 4
Matrice des couts (ligne : production, colonne : distribution)
-5 -3 -4 -5 
-4 -5 -4 -6 
-5 -6 -5 -7 
-4 -4 -3 -5 
capacite des sites de production : 1 1 1 1 
objectif des sites de distribution : 1 1 1 1 

*******Solution********
Matrice d'assignement : 
 1 0 0 0
 0 0 0 1
 0 0 1 0
 0 1 0 0

Valeur de la solution finale :  -20

