Le programme est :

Maximiser  0 + -1 x_1 + -2 x_2
Tel que
 -3 x_1 + 1 x_2 <= -1
 1 x_1 + -1 x_2 <= 1
 -2 x_1 + 7 x_2 <= 6
 9 x_1 + -4 x_2 <= 6
 -5 x_1 + 2 x_2 <= -3
 7 x_1 + -3 x_2 <= 6
 x_1, x_2 positifs

*****Premiere phase (x0 = x_9)*****

Le dictionnaire initial est 
x_3 =  -1 + 3 x_1 + -1 x_2 + x_9
x_4 =  1 + -1 x_1 + x_2 + x_9
x_5 =  6 + 2 x_1 + -7 x_2 + x_9
x_6 =  6 + -9 x_1 + 4 x_2 + x_9
x_7 =  -3 + 5 x_1 + -2 x_2 + x_9
x_8 =  6 + -7 x_1 + 3 x_2 + x_9
-------------------------------------------------------
z =  0 + 0 x_1 + 0 x_2 + -1 x_9


Variable entrante : x_9
Variable entrante : x_7

x_3 =  2 + -2 x_1 + x_2 + x_7
x_4 =  4 + -6 x_1 + 3 x_2 + x_7
x_5 =  9 + -3 x_1 + -5 x_2 + x_7
x_6 =  9 + -14 x_1 + 6 x_2 + x_7
x_8 =  9 + -12 x_1 + 5 x_2 + x_7
x_9 =  3 + -5 x_1 + 2 x_2 + x_7
-------------------------------------------------------
z =  -3 + 5 x_1 + -2 x_2 + -1 x_7


Variable entrante : x_1
Variable sortante : x_9

x_1 =  3/5 + 2/5 x_2 + 1/5 x_7 + -1/5 x_9
x_3 =  4/5 + 1/5 x_2 + 3/5 x_7 + 2/5 x_9
x_4 =  2/5 + 3/5 x_2 + -1/5 x_7 + 6/5 x_9
x_5 =  36/5 + -31/5 x_2 + 2/5 x_7 + 3/5 x_9
x_6 =  3/5 + 2/5 x_2 + -9/5 x_7 + 14/5 x_9
x_8 =  9/5 + 1/5 x_2 + -7/5 x_7 + 12/5 x_9
-------------------------------------------------------
z =  0 + 0 x_2 + 0 x_7 + -1 x_9


*****Deuxieme phase*****

Le dictionnaire initial est 
x_1 =  3/5 + 2/5 x_2 + 1/5 x_7
x_3 =  4/5 + 1/5 x_2 + 3/5 x_7
x_4 =  2/5 + 3/5 x_2 + -1/5 x_7
x_5 =  36/5 + -31/5 x_2 + 2/5 x_7
x_6 =  3/5 + 2/5 x_2 + -9/5 x_7
x_8 =  9/5 + 1/5 x_2 + -7/5 x_7
-------------------------------------------------
z =  -3/5 + -12/5 x_2 + -1/5 x_7


Une solution optimale est : x_1 = 3/5, x_2 = 0
La valeur de cette solution est : -3/5
Nombre de pivots : 1
Le certificat d'optimalite est : 1/5 contrainte 5
Ce qui donne :  0 + -1 x_1 + 2/5 x_2 <= -3/5

